<testsuites id="" name="" tests="8" failures="7" skipped="0" errors="0" time="34.878689">
<testsuite name="wizard-e2e.spec.ts" timestamp="2025-11-17T22:37:46.172Z" hostname="chromium" tests="8" failures="7" skipped="0" time="222.555" errors="0">
<testcase name="Multi-Step Calculator Wizard - End to End › should complete full wizard flow and display results with QFX" classname="wizard-e2e.spec.ts" time="7.49">
<system-out>
<![CDATA[Browser console: [.WebGL-0x13400193e00]GL Driver Message (OpenGL, Performance, GL_CLOSE_PATH_NV, High): GPU stall due to ReadPixels
No cookie consent or already accepted
]]>
</system-out>
</testcase>
<testcase name="Multi-Step Calculator Wizard - End to End › should complete full wizard flow and display results with CSV file" classname="wizard-e2e.spec.ts" time="31.459">
<failure message="wizard-e2e.spec.ts:24:7 should complete full wizard flow and display results with CSV file" type="FAILURE">
<![CDATA[  [chromium] › wizard-e2e.spec.ts:24:7 › Multi-Step Calculator Wizard - End to End › should complete full wizard flow and display results with CSV file 

    Test timeout of 30000ms exceeded.

    Error: page.fill: Test timeout of 30000ms exceeded.
    Call log:
      - waiting for locator('input#charitableDonations')


      82 |     
      83 |     // Enter charitable donations
    > 84 |     await page.fill('input#charitableDonations', '1000');
         |                ^
      85 |     
      86 |     // Click Next
      87 |     await page.getByRole('button', { name: 'Next' }).click();
        at /Users/myuser/development/ibkr-tax-calculator/tests/ui/wizard-e2e.spec.ts:84:16

    attachment #1: screenshot (image/png) ──────────────────────────────────────────────────────────
    ../../test-results/wizard-e2e-Multi-Step-Calc-185ad-splay-results-with-CSV-file-chromium/test-failed-1.png
    ────────────────────────────────────────────────────────────────────────────────────────────────

    attachment #2: video (video/webm) ──────────────────────────────────────────────────────────────
    ../../test-results/wizard-e2e-Multi-Step-Calc-185ad-splay-results-with-CSV-file-chromium/video.webm
    ────────────────────────────────────────────────────────────────────────────────────────────────

    Error Context: ../../test-results/wizard-e2e-Multi-Step-Calc-185ad-splay-results-with-CSV-file-chromium/error-context.md
]]>
</failure>
<system-out>
<![CDATA[Browser console: [.WebGL-0x124032f4e00]GL Driver Message (OpenGL, Performance, GL_CLOSE_PATH_NV, High): GPU stall due to ReadPixels

[[ATTACHMENT|test-results/wizard-e2e-Multi-Step-Calc-185ad-splay-results-with-CSV-file-chromium/test-failed-1.png]]

[[ATTACHMENT|test-results/wizard-e2e-Multi-Step-Calc-185ad-splay-results-with-CSV-file-chromium/video.webm]]

[[ATTACHMENT|test-results/wizard-e2e-Multi-Step-Calc-185ad-splay-results-with-CSV-file-chromium/error-context.md]]
]]>
</system-out>
</testcase>
<testcase name="Multi-Step Calculator Wizard - End to End › should complete full wizard flow with CSV file without currency errors" classname="wizard-e2e.spec.ts" time="31.428">
<failure message="wizard-e2e.spec.ts:113:7 should complete full wizard flow with CSV file without currency errors" type="FAILURE">
<![CDATA[  [chromium] › wizard-e2e.spec.ts:113:7 › Multi-Step Calculator Wizard - End to End › should complete full wizard flow with CSV file without currency errors 

    Test timeout of 30000ms exceeded.

    Error: page.fill: Test timeout of 30000ms exceeded.
    Call log:
      - waiting for locator('input#charitableDonations')


      168 |     // Step 3: Personal Details
      169 |     await page.fill('input#dateOfBirth', '1990-01-01');
    > 170 |     await page.fill('input#charitableDonations', '500');
          |                ^
      171 |     await page.getByRole('button', { name: 'Next' }).click();
      172 |     await page.waitForTimeout(500);
      173 |     
        at /Users/myuser/development/ibkr-tax-calculator/tests/ui/wizard-e2e.spec.ts:170:16

    attachment #1: screenshot (image/png) ──────────────────────────────────────────────────────────
    ../../test-results/wizard-e2e-Multi-Step-Calc-72073-ile-without-currency-errors-chromium/test-failed-1.png
    ────────────────────────────────────────────────────────────────────────────────────────────────

    attachment #2: video (video/webm) ──────────────────────────────────────────────────────────────
    ../../test-results/wizard-e2e-Multi-Step-Calc-72073-ile-without-currency-errors-chromium/video.webm
    ────────────────────────────────────────────────────────────────────────────────────────────────

    Error Context: ../../test-results/wizard-e2e-Multi-Step-Calc-72073-ile-without-currency-errors-chromium/error-context.md
]]>
</failure>
<system-out>
<![CDATA[Browser console: [.WebGL-0x10c0332e000]GL Driver Message (OpenGL, Performance, GL_CLOSE_PATH_NV, High): GPU stall due to ReadPixels

[[ATTACHMENT|test-results/wizard-e2e-Multi-Step-Calc-72073-ile-without-currency-errors-chromium/test-failed-1.png]]

[[ATTACHMENT|test-results/wizard-e2e-Multi-Step-Calc-72073-ile-without-currency-errors-chromium/video.webm]]

[[ATTACHMENT|test-results/wizard-e2e-Multi-Step-Calc-72073-ile-without-currency-errors-chromium/error-context.md]]
]]>
</system-out>
</testcase>
<testcase name="Multi-Step Calculator Wizard - End to End › should complete full wizard flow with QFX file" classname="wizard-e2e.spec.ts" time="30.438">
<failure message="wizard-e2e.spec.ts:235:7 should complete full wizard flow with QFX file" type="FAILURE">
<![CDATA[  [chromium] › wizard-e2e.spec.ts:235:7 › Multi-Step Calculator Wizard - End to End › should complete full wizard flow with QFX file 

    Test timeout of 30000ms exceeded.

    Error: locator.click: Test timeout of 30000ms exceeded.
    Call log:
      - waiting for locator('button:has-text("Next")').first()
        - locator resolved to <button type="button" aria-busy="false" aria-disabled="false" class="btn btn-primary">…</button>
      - attempting click action
        2 × waiting for element to be visible, enabled and stable
          - element is visible, enabled and stable
          - scrolling into view if needed
          - done scrolling
          - <div class="fc-footer fc-dialog-restricted-content">…</div> from <div class="fc-consent-root">…</div> subtree intercepts pointer events
        - retrying click action
        - waiting 20ms
        2 × waiting for element to be visible, enabled and stable
          - element is not stable
        - retrying click action
          - waiting 100ms
        3 × waiting for element to be visible, enabled and stable
          - element is visible, enabled and stable
          - scrolling into view if needed
          - done scrolling
          - <div class="fc-dialog-overlay"></div> from <div class="fc-consent-root">…</div> subtree intercepts pointer events
        - retrying click action
          - waiting 500ms
        12 × waiting for element to be visible, enabled and stable
           - element is visible, enabled and stable
           - scrolling into view if needed
           - done scrolling
           - <div class="fc-footer fc-dialog-restricted-content">…</div> from <div class="fc-consent-root">…</div> subtree intercepts pointer events
         - retrying click action
           - waiting 500ms
           - waiting for element to be visible, enabled and stable
           - element is visible, enabled and stable
           - scrolling into view if needed
           - done scrolling
           - <div class="fc-header fc-dialog-restricted-content">…</div> from <div class="fc-consent-root">…</div> subtree intercepts pointer events
         - retrying click action
           - waiting 500ms
           - waiting for element to be visible, enabled and stable
           - element is visible, enabled and stable
           - scrolling into view if needed
           - done scrolling
           - <div class="fc-header fc-dialog-restricted-content">…</div> from <div class="fc-consent-root">…</div> subtree intercepts pointer events
         - retrying click action
           - waiting 500ms
           - waiting for element to be visible, enabled and stable
           - element is visible, enabled and stable
           - scrolling into view if needed
           - done scrolling
           - <div class="fc-dialog-overlay"></div> from <div class="fc-consent-root">…</div> subtree intercepts pointer events
         - retrying click action
           - waiting 500ms
        - waiting for element to be visible, enabled and stable
        - element is visible, enabled and stable
        - scrolling into view if needed


      239 |     // STEP 1: Income Sources
      240 |     const nextButton = page.locator('button:has-text("Next")').first();
    > 241 |     await nextButton.click();
          |                      ^
      242 |     await page.waitForTimeout(500);
      243 |     
      244 |     // STEP 2: Upload QFX file
        at /Users/myuser/development/ibkr-tax-calculator/tests/ui/wizard-e2e.spec.ts:241:22

    attachment #1: screenshot (image/png) ──────────────────────────────────────────────────────────
    ../../test-results/wizard-e2e-Multi-Step-Calc-bc7ac-l-wizard-flow-with-QFX-file-chromium/test-failed-1.png
    ────────────────────────────────────────────────────────────────────────────────────────────────

    attachment #2: video (video/webm) ──────────────────────────────────────────────────────────────
    ../../test-results/wizard-e2e-Multi-Step-Calc-bc7ac-l-wizard-flow-with-QFX-file-chromium/video.webm
    ────────────────────────────────────────────────────────────────────────────────────────────────

    Error Context: ../../test-results/wizard-e2e-Multi-Step-Calc-bc7ac-l-wizard-flow-with-QFX-file-chromium/error-context.md
]]>
</failure>
<system-out>
<![CDATA[
[[ATTACHMENT|test-results/wizard-e2e-Multi-Step-Calc-bc7ac-l-wizard-flow-with-QFX-file-chromium/test-failed-1.png]]

[[ATTACHMENT|test-results/wizard-e2e-Multi-Step-Calc-bc7ac-l-wizard-flow-with-QFX-file-chromium/video.webm]]

[[ATTACHMENT|test-results/wizard-e2e-Multi-Step-Calc-bc7ac-l-wizard-flow-with-QFX-file-chromium/error-context.md]]
]]>
</system-out>
</testcase>
<testcase name="Multi-Step Calculator Wizard - End to End › should show validation errors for incomplete wizard" classname="wizard-e2e.spec.ts" time="30.428">
<failure message="wizard-e2e.spec.ts:280:7 should show validation errors for incomplete wizard" type="FAILURE">
<![CDATA[  [chromium] › wizard-e2e.spec.ts:280:7 › Multi-Step Calculator Wizard - End to End › should show validation errors for incomplete wizard 

    Test timeout of 30000ms exceeded.

    Error: locator.uncheck: Test timeout of 30000ms exceeded.
    Call log:
      - waiting for locator('input[type="checkbox"]').first()
        - locator resolved to <input checked type="checkbox" class="form-check-input"/>
      - attempting click action
        2 × waiting for element to be visible, enabled and stable
          - element is visible, enabled and stable
          - scrolling into view if needed
          - done scrolling
          - <div class="fc-dialog-overlay"></div> from <div class="fc-consent-root">…</div> subtree intercepts pointer events
        - retrying click action
        - waiting 20ms
        2 × waiting for element to be visible, enabled and stable
          - element is not stable
        - retrying click action
          - waiting 100ms
        51 × waiting for element to be visible, enabled and stable
           - element is visible, enabled and stable
           - scrolling into view if needed
           - done scrolling
           - <div class="fc-dialog-overlay"></div> from <div class="fc-consent-root">…</div> subtree intercepts pointer events
         - retrying click action
           - waiting 500ms


      290 |       const checkbox = incomeCheckboxes.nth(i);
      291 |       if (await checkbox.isChecked()) {
    > 292 |         await checkbox.uncheck();
          |                        ^
      293 |       }
      294 |     }
      295 |     
        at /Users/myuser/development/ibkr-tax-calculator/tests/ui/wizard-e2e.spec.ts:292:24

    attachment #1: screenshot (image/png) ──────────────────────────────────────────────────────────
    ../../test-results/wizard-e2e-Multi-Step-Calc-62e6f-rrors-for-incomplete-wizard-chromium/test-failed-1.png
    ────────────────────────────────────────────────────────────────────────────────────────────────

    attachment #2: video (video/webm) ──────────────────────────────────────────────────────────────
    ../../test-results/wizard-e2e-Multi-Step-Calc-62e6f-rrors-for-incomplete-wizard-chromium/video.webm
    ────────────────────────────────────────────────────────────────────────────────────────────────

    Error Context: ../../test-results/wizard-e2e-Multi-Step-Calc-62e6f-rrors-for-incomplete-wizard-chromium/error-context.md
]]>
</failure>
<system-out>
<![CDATA[
[[ATTACHMENT|test-results/wizard-e2e-Multi-Step-Calc-62e6f-rrors-for-incomplete-wizard-chromium/test-failed-1.png]]

[[ATTACHMENT|test-results/wizard-e2e-Multi-Step-Calc-62e6f-rrors-for-incomplete-wizard-chromium/video.webm]]

[[ATTACHMENT|test-results/wizard-e2e-Multi-Step-Calc-62e6f-rrors-for-incomplete-wizard-chromium/error-context.md]]
]]>
</system-out>
</testcase>
<testcase name="Multi-Step Calculator Wizard - End to End › should allow navigation back through wizard steps" classname="wizard-e2e.spec.ts" time="30.465">
<failure message="wizard-e2e.spec.ts:304:7 should allow navigation back through wizard steps" type="FAILURE">
<![CDATA[  [chromium] › wizard-e2e.spec.ts:304:7 › Multi-Step Calculator Wizard - End to End › should allow navigation back through wizard steps 

    Test timeout of 30000ms exceeded.

    Error: locator.click: Test timeout of 30000ms exceeded.
    Call log:
      - waiting for locator('button:has-text("Next")').first()
        - locator resolved to <button type="button" aria-busy="false" aria-disabled="false" class="btn btn-primary">…</button>
      - attempting click action
        2 × waiting for element to be visible, enabled and stable
          - element is visible, enabled and stable
          - scrolling into view if needed
          - done scrolling
          - <div class="fc-footer fc-dialog-restricted-content">…</div> from <div class="fc-consent-root">…</div> subtree intercepts pointer events
        - retrying click action
        - waiting 20ms
        2 × waiting for element to be visible, enabled and stable
          - element is not stable
        - retrying click action
          - waiting 100ms
        3 × waiting for element to be visible, enabled and stable
          - element is visible, enabled and stable
          - scrolling into view if needed
          - done scrolling
          - <div class="fc-dialog-overlay"></div> from <div class="fc-consent-root">…</div> subtree intercepts pointer events
        - retrying click action
          - waiting 500ms
        12 × waiting for element to be visible, enabled and stable
           - element is visible, enabled and stable
           - scrolling into view if needed
           - done scrolling
           - <div class="fc-footer fc-dialog-restricted-content">…</div> from <div class="fc-consent-root">…</div> subtree intercepts pointer events
         - retrying click action
           - waiting 500ms
           - waiting for element to be visible, enabled and stable
           - element is visible, enabled and stable
           - scrolling into view if needed
           - done scrolling
           - <div class="fc-header fc-dialog-restricted-content">…</div> from <div class="fc-consent-root">…</div> subtree intercepts pointer events
         - retrying click action
           - waiting 500ms
           - waiting for element to be visible, enabled and stable
           - element is visible, enabled and stable
           - scrolling into view if needed
           - done scrolling
           - <div class="fc-header fc-dialog-restricted-content">…</div> from <div class="fc-consent-root">…</div> subtree intercepts pointer events
         - retrying click action
           - waiting 500ms
           - waiting for element to be visible, enabled and stable
           - element is visible, enabled and stable
           - scrolling into view if needed
           - done scrolling
           - <div class="fc-dialog-overlay"></div> from <div class="fc-consent-root">…</div> subtree intercepts pointer events
         - retrying click action
           - waiting 500ms
        - waiting for element to be visible, enabled and stable


      307 |     
      308 |     // Go to step 2
    > 309 |     await page.locator('button:has-text("Next")').first().click();
          |                                                           ^
      310 |     await page.waitForTimeout(500);
      311 |     
      312 |     // Verify Previous button appears
        at /Users/myuser/development/ibkr-tax-calculator/tests/ui/wizard-e2e.spec.ts:309:59

    attachment #1: screenshot (image/png) ──────────────────────────────────────────────────────────
    ../../test-results/wizard-e2e-Multi-Step-Calc-00c8b-n-back-through-wizard-steps-chromium/test-failed-1.png
    ────────────────────────────────────────────────────────────────────────────────────────────────

    attachment #2: video (video/webm) ──────────────────────────────────────────────────────────────
    ../../test-results/wizard-e2e-Multi-Step-Calc-00c8b-n-back-through-wizard-steps-chromium/video.webm
    ────────────────────────────────────────────────────────────────────────────────────────────────

    Error Context: ../../test-results/wizard-e2e-Multi-Step-Calc-00c8b-n-back-through-wizard-steps-chromium/error-context.md
]]>
</failure>
<system-out>
<![CDATA[
[[ATTACHMENT|test-results/wizard-e2e-Multi-Step-Calc-00c8b-n-back-through-wizard-steps-chromium/test-failed-1.png]]

[[ATTACHMENT|test-results/wizard-e2e-Multi-Step-Calc-00c8b-n-back-through-wizard-steps-chromium/video.webm]]

[[ATTACHMENT|test-results/wizard-e2e-Multi-Step-Calc-00c8b-n-back-through-wizard-steps-chromium/error-context.md]]
]]>
</system-out>
</testcase>
<testcase name="Multi-Step Calculator Wizard - End to End › should persist data when navigating back and forth" classname="wizard-e2e.spec.ts" time="30.409">
<failure message="wizard-e2e.spec.ts:324:7 should persist data when navigating back and forth" type="FAILURE">
<![CDATA[  [chromium] › wizard-e2e.spec.ts:324:7 › Multi-Step Calculator Wizard - End to End › should persist data when navigating back and forth 

    Test timeout of 30000ms exceeded.

    Error: locator.click: Test timeout of 30000ms exceeded.
    Call log:
      - waiting for locator('button:has-text("Next")').first()
        - locator resolved to <button type="button" aria-busy="false" aria-disabled="false" class="btn btn-primary">…</button>
      - attempting click action
        2 × waiting for element to be visible, enabled and stable
          - element is visible, enabled and stable
          - scrolling into view if needed
          - done scrolling
          - <div class="fc-footer fc-dialog-restricted-content">…</div> from <div class="fc-consent-root">…</div> subtree intercepts pointer events
        - retrying click action
        - waiting 20ms
        2 × waiting for element to be visible, enabled and stable
          - element is not stable
        - retrying click action
          - waiting 100ms
        - waiting for element to be visible, enabled and stable
        - element is not stable
      2 × retrying click action
          - waiting 500ms
          - waiting for element to be visible, enabled and stable
          - element is visible, enabled and stable
          - scrolling into view if needed
          - done scrolling
          - <div class="fc-dialog-overlay"></div> from <div class="fc-consent-root">…</div> subtree intercepts pointer events
      12 × retrying click action
           - waiting 500ms
           - waiting for element to be visible, enabled and stable
           - element is visible, enabled and stable
           - scrolling into view if needed
           - done scrolling
           - <div class="fc-footer fc-dialog-restricted-content">…</div> from <div class="fc-consent-root">…</div> subtree intercepts pointer events
         - retrying click action
           - waiting 500ms
           - waiting for element to be visible, enabled and stable
           - element is visible, enabled and stable
           - scrolling into view if needed
           - done scrolling
           - <div class="fc-header fc-dialog-restricted-content">…</div> from <div class="fc-consent-root">…</div> subtree intercepts pointer events
         - retrying click action
           - waiting 500ms
           - waiting for element to be visible, enabled and stable
           - element is visible, enabled and stable
           - scrolling into view if needed
           - done scrolling
           - <div class="fc-header fc-dialog-restricted-content">…</div> from <div class="fc-consent-root">…</div> subtree intercepts pointer events
         - retrying click action
           - waiting 500ms
           - waiting for element to be visible, enabled and stable
           - element is visible, enabled and stable
           - scrolling into view if needed
           - done scrolling
           - <div class="fc-dialog-overlay"></div> from <div class="fc-consent-root">…</div> subtree intercepts pointer events
      - retrying click action
        - waiting 500ms
        - waiting for element to be visible, enabled and stable
        - element is visible, enabled and stable
        - scrolling into view if needed
        - done scrolling
        - <div class="fc-footer fc-dialog-restricted-content">…</div> from <div class="fc-consent-root">…</div> subtree intercepts pointer events
      - retrying click action
        - waiting 500ms


      333 |     
      334 |     // Go to step 2
    > 335 |     await page.locator('button:has-text("Next")').first().click();
          |                                                           ^
      336 |     await page.waitForTimeout(500);
      337 |     
      338 |     // Go back to step 1
        at /Users/myuser/development/ibkr-tax-calculator/tests/ui/wizard-e2e.spec.ts:335:59

    attachment #1: screenshot (image/png) ──────────────────────────────────────────────────────────
    ../../test-results/wizard-e2e-Multi-Step-Calc-84da5-n-navigating-back-and-forth-chromium/test-failed-1.png
    ────────────────────────────────────────────────────────────────────────────────────────────────

    attachment #2: video (video/webm) ──────────────────────────────────────────────────────────────
    ../../test-results/wizard-e2e-Multi-Step-Calc-84da5-n-navigating-back-and-forth-chromium/video.webm
    ────────────────────────────────────────────────────────────────────────────────────────────────

    Error Context: ../../test-results/wizard-e2e-Multi-Step-Calc-84da5-n-navigating-back-and-forth-chromium/error-context.md
]]>
</failure>
<system-out>
<![CDATA[
[[ATTACHMENT|test-results/wizard-e2e-Multi-Step-Calc-84da5-n-navigating-back-and-forth-chromium/test-failed-1.png]]

[[ATTACHMENT|test-results/wizard-e2e-Multi-Step-Calc-84da5-n-navigating-back-and-forth-chromium/video.webm]]

[[ATTACHMENT|test-results/wizard-e2e-Multi-Step-Calc-84da5-n-navigating-back-and-forth-chromium/error-context.md]]
]]>
</system-out>
</testcase>
<testcase name="Multi-Step Calculator Wizard - End to End › should display progress indicator correctly" classname="wizard-e2e.spec.ts" time="30.438">
<failure message="wizard-e2e.spec.ts:348:7 should display progress indicator correctly" type="FAILURE">
<![CDATA[  [chromium] › wizard-e2e.spec.ts:348:7 › Multi-Step Calculator Wizard - End to End › should display progress indicator correctly 

    Test timeout of 30000ms exceeded.

    Error: locator.click: Test timeout of 30000ms exceeded.
    Call log:
      - waiting for locator('button:has-text("Next")').first()
        - locator resolved to <button type="button" aria-busy="false" aria-disabled="false" class="btn btn-primary">…</button>
      - attempting click action
        2 × waiting for element to be visible, enabled and stable
          - element is visible, enabled and stable
          - scrolling into view if needed
          - done scrolling
          - <div class="fc-footer fc-dialog-restricted-content">…</div> from <div class="fc-consent-root">…</div> subtree intercepts pointer events
        - retrying click action
        - waiting 20ms
        2 × waiting for element to be visible, enabled and stable
          - element is not stable
        - retrying click action
          - waiting 100ms
        3 × waiting for element to be visible, enabled and stable
          - element is visible, enabled and stable
          - scrolling into view if needed
          - done scrolling
          - <div class="fc-dialog-overlay"></div> from <div class="fc-consent-root">…</div> subtree intercepts pointer events
        - retrying click action
          - waiting 500ms
        12 × waiting for element to be visible, enabled and stable
           - element is visible, enabled and stable
           - scrolling into view if needed
           - done scrolling
           - <div class="fc-footer fc-dialog-restricted-content">…</div> from <div class="fc-consent-root">…</div> subtree intercepts pointer events
         - retrying click action
           - waiting 500ms
           - waiting for element to be visible, enabled and stable
           - element is visible, enabled and stable
           - scrolling into view if needed
           - done scrolling
           - <div class="fc-header fc-dialog-restricted-content">…</div> from <div class="fc-consent-root">…</div> subtree intercepts pointer events
         - retrying click action
           - waiting 500ms
           - waiting for element to be visible, enabled and stable
           - element is visible, enabled and stable
           - scrolling into view if needed
           - done scrolling
           - <div class="fc-header fc-dialog-restricted-content">…</div> from <div class="fc-consent-root">…</div> subtree intercepts pointer events
         - retrying click action
           - waiting 500ms
           - waiting for element to be visible, enabled and stable
           - element is visible, enabled and stable
           - scrolling into view if needed
           - done scrolling
           - <div class="fc-dialog-overlay"></div> from <div class="fc-consent-root">…</div> subtree intercepts pointer events
         - retrying click action
           - waiting 500ms
        - waiting for element to be visible, enabled and stable


      361 |     
      362 |     // Navigate to step 2
    > 363 |     await page.locator('button:has-text("Next")').first().click();
          |                                                           ^
      364 |     await page.waitForTimeout(500);
      365 |     
      366 |     // Verify step 2 is active
        at /Users/myuser/development/ibkr-tax-calculator/tests/ui/wizard-e2e.spec.ts:363:59

    attachment #1: screenshot (image/png) ──────────────────────────────────────────────────────────
    ../../test-results/wizard-e2e-Multi-Step-Calc-77e06-rogress-indicator-correctly-chromium/test-failed-1.png
    ────────────────────────────────────────────────────────────────────────────────────────────────

    attachment #2: video (video/webm) ──────────────────────────────────────────────────────────────
    ../../test-results/wizard-e2e-Multi-Step-Calc-77e06-rogress-indicator-correctly-chromium/video.webm
    ────────────────────────────────────────────────────────────────────────────────────────────────

    Error Context: ../../test-results/wizard-e2e-Multi-Step-Calc-77e06-rogress-indicator-correctly-chromium/error-context.md
]]>
</failure>
<system-out>
<![CDATA[
[[ATTACHMENT|test-results/wizard-e2e-Multi-Step-Calc-77e06-rogress-indicator-correctly-chromium/test-failed-1.png]]

[[ATTACHMENT|test-results/wizard-e2e-Multi-Step-Calc-77e06-rogress-indicator-correctly-chromium/video.webm]]

[[ATTACHMENT|test-results/wizard-e2e-Multi-Step-Calc-77e06-rogress-indicator-correctly-chromium/error-context.md]]
]]>
</system-out>
</testcase>
</testsuite>
</testsuites>