<testsuites id="" name="" tests="2" failures="2" skipped="0" errors="0" time="50.704335">
<testsuite name="landing-page-button.spec.ts" timestamp="2025-10-14T19:07:55.881Z" hostname="chromium" tests="2" failures="2" skipped="0" time="42.273" errors="0">
<testcase name="Landing Page Start Calculation Button › should navigate to calculator when Start Calculation button is clicked" classname="landing-page-button.spec.ts" time="33.733">
<failure message="landing-page-button.spec.ts:4:7 should navigate to calculator when Start Calculation button is clicked" type="FAILURE">
<![CDATA[  [chromium] › landing-page-button.spec.ts:4:7 › Landing Page Start Calculation Button › should navigate to calculator when Start Calculation button is clicked 

    Test timeout of 30000ms exceeded.

    attachment #1: screenshot (image/png) ──────────────────────────────────────────────────────────
    ../../test-results/landing-page-button-Landin-32099-lculation-button-is-clicked-chromium/test-failed-1.png
    ────────────────────────────────────────────────────────────────────────────────────────────────

    attachment #2: video (video/webm) ──────────────────────────────────────────────────────────────
    ../../test-results/landing-page-button-Landin-32099-lculation-button-is-clicked-chromium/video.webm
    ────────────────────────────────────────────────────────────────────────────────────────────────

    Error Context: ../../test-results/landing-page-button-Landin-32099-lculation-button-is-clicked-chromium/error-context.md
]]>
</failure>
<system-out>
<![CDATA[Page loaded, looking for Start Calculation button...
Found Start Calculation button with selector: .btn:has-text("Start Calculation")
Current URL before click: https://cgttaxtool.uk/
URL after click: https://cgttaxtool.uk/calculate.html
Console messages:
log: IBKR Tax Calculator - Initializing...
log: Calculator elements not found - skipping initialization (not on calculator page)
log: IBKR Tax Calculator - Initializing...
log: Checking API health at: https://cgttaxtool.uk/prod/health
log: IBKR Tax Calculator - Initialized successfully
error: Failed to load resource: the server responded with a status of 403 (Forbidden)
warning: [SPA] Failed to load React bundle
log: API health check passed.
Hash navigation: false, Calculator content visible: false
Full page navigation to calculator detected

[[ATTACHMENT|test-results/landing-page-button-Landin-32099-lculation-button-is-clicked-chromium/test-failed-1.png]]

[[ATTACHMENT|test-results/landing-page-button-Landin-32099-lculation-button-is-clicked-chromium/video.webm]]

[[ATTACHMENT|test-results/landing-page-button-Landin-32099-lculation-button-is-clicked-chromium/error-context.md]]
]]>
</system-out>
</testcase>
<testcase name="Landing Page Start Calculation Button › should have correct debug logging in console" classname="landing-page-button.spec.ts" time="8.54">
<failure message="landing-page-button.spec.ts:125:7 should have correct debug logging in console" type="FAILURE">
<![CDATA[  [chromium] › landing-page-button.spec.ts:125:7 › Landing Page Start Calculation Button › should have correct debug logging in console 

    Error: expect(received).toBeTruthy()

    Received: false

      136 |     // Check if LandingPage component is rendering
      137 |     const hasRenderLog = consoleMessages.some(msg => msg.includes('Component rendering'));
    > 138 |     expect(hasRenderLog).toBeTruthy();
          |                          ^
      139 |     
      140 |     // Click button and check for click log
      141 |     const startButton = page.locator('button:has-text("Start Calculation")').first();
        at /Users/myuser/development/ibkr-tax-calculator/tests/ui/landing-page-button.spec.ts:138:26

    attachment #1: screenshot (image/png) ──────────────────────────────────────────────────────────
    ../../test-results/landing-page-button-Landin-8c864-ct-debug-logging-in-console-chromium/test-failed-1.png
    ────────────────────────────────────────────────────────────────────────────────────────────────

    attachment #2: video (video/webm) ──────────────────────────────────────────────────────────────
    ../../test-results/landing-page-button-Landin-8c864-ct-debug-logging-in-console-chromium/video.webm
    ────────────────────────────────────────────────────────────────────────────────────────────────

    Error Context: ../../test-results/landing-page-button-Landin-8c864-ct-debug-logging-in-console-chromium/error-context.md
]]>
</failure>
<system-out>
<![CDATA[
[[ATTACHMENT|test-results/landing-page-button-Landin-8c864-ct-debug-logging-in-console-chromium/test-failed-1.png]]

[[ATTACHMENT|test-results/landing-page-button-Landin-8c864-ct-debug-logging-in-console-chromium/video.webm]]

[[ATTACHMENT|test-results/landing-page-button-Landin-8c864-ct-debug-logging-in-console-chromium/error-context.md]]
]]>
</system-out>
</testcase>
</testsuite>
</testsuites>