<testsuites id="" name="" tests="106" failures="55" skipped="7" errors="0" time="189.464786">
<testsuite name="advertising.spec.ts" timestamp="2025-10-16T21:33:41.300Z" hostname="chromium" tests="16" failures="4" skipped="0" time="171.532" errors="0">
<testcase name="Advertising &amp; Monetization Tests › Google AdSense Integration › should load AdSense script correctly" classname="advertising.spec.ts" time="6.372">
</testcase>
<testcase name="Advertising &amp; Monetization Tests › Google AdSense Integration › should display ad units in correct positions" classname="advertising.spec.ts" time="5.876">
<system-out>
<![CDATA[Found 1 ad units
]]>
</system-out>
</testcase>
<testcase name="Advertising &amp; Monetization Tests › Google AdSense Integration › should have proper ad placements on different pages" classname="advertising.spec.ts" time="17.708">
</testcase>
<testcase name="Advertising &amp; Monetization Tests › Google AdSense Integration › should handle ad blocker detection" classname="advertising.spec.ts" time="14.388">
<failure message="advertising.spec.ts:108:9 should handle ad blocker detection" type="FAILURE">
<![CDATA[  [chromium] › advertising.spec.ts:108:9 › Advertising & Monetization Tests › Google AdSense Integration › should handle ad blocker detection 

    Error: expect(locator).toBeVisible() failed

    Locator: locator('main')
    Expected: visible
    Timeout: 5000ms
    Error: element(s) not found

    Call log:
      - Expect "toBeVisible" with timeout 5000ms
      - waiting for locator('main')


      126 |
      127 |       // Check if site still functions properly without ads
    > 128 |       await expect(page.locator('main')).toBeVisible();
          |                                          ^
      129 |       await expect(page.locator('nav')).toBeVisible();
      130 |     });
      131 |
        at /Users/myuser/development/ibkr-tax-calculator/tests/ui/advertising.spec.ts:128:42

    attachment #1: screenshot (image/png) ──────────────────────────────────────────────────────────
    ../../test-results/advertising-Advertising-Mo-325af-handle-ad-blocker-detection-chromium/test-failed-1.png
    ────────────────────────────────────────────────────────────────────────────────────────────────

    attachment #2: video (video/webm) ──────────────────────────────────────────────────────────────
    ../../test-results/advertising-Advertising-Mo-325af-handle-ad-blocker-detection-chromium/video.webm
    ────────────────────────────────────────────────────────────────────────────────────────────────

    Error Context: ../../test-results/advertising-Advertising-Mo-325af-handle-ad-blocker-detection-chromium/error-context.md
]]>
</failure>
<system-out>
<![CDATA[
[[ATTACHMENT|test-results/advertising-Advertising-Mo-325af-handle-ad-blocker-detection-chromium/test-failed-1.png]]

[[ATTACHMENT|test-results/advertising-Advertising-Mo-325af-handle-ad-blocker-detection-chromium/video.webm]]

[[ATTACHMENT|test-results/advertising-Advertising-Mo-325af-handle-ad-blocker-detection-chromium/error-context.md]]
]]>
</system-out>
</testcase>
<testcase name="Advertising &amp; Monetization Tests › Google AdSense Integration › should respect user privacy and GDPR compliance" classname="advertising.spec.ts" time="31.543">
<failure message="advertising.spec.ts:132:9 should respect user privacy and GDPR compliance" type="FAILURE">
<![CDATA[  [chromium] › advertising.spec.ts:132:9 › Advertising & Monetization Tests › Google AdSense Integration › should respect user privacy and GDPR compliance 

    Test timeout of 30000ms exceeded.

    Error: locator.textContent: Test timeout of 30000ms exceeded.
    Call log:
      - waiting for locator('main')


      162 |       await basePage.waitForPageLoad();
      163 |       
    > 164 |       const privacyContent = await page.locator('main').textContent();
          |                                                         ^
      165 |       const gdprMentions = privacyContent!.toLowerCase().includes('gdpr') || 
      166 |                           privacyContent!.toLowerCase().includes('general data protection');
      167 |       
        at /Users/myuser/development/ibkr-tax-calculator/tests/ui/advertising.spec.ts:164:57

    attachment #1: screenshot (image/png) ──────────────────────────────────────────────────────────
    ../../test-results/advertising-Advertising-Mo-a0ab2-privacy-and-GDPR-compliance-chromium/test-failed-1.png
    ────────────────────────────────────────────────────────────────────────────────────────────────

    attachment #2: video (video/webm) ──────────────────────────────────────────────────────────────
    ../../test-results/advertising-Advertising-Mo-a0ab2-privacy-and-GDPR-compliance-chromium/video.webm
    ────────────────────────────────────────────────────────────────────────────────────────────────

    Error Context: ../../test-results/advertising-Advertising-Mo-a0ab2-privacy-and-GDPR-compliance-chromium/error-context.md
]]>
</failure>
<system-out>
<![CDATA[
[[ATTACHMENT|test-results/advertising-Advertising-Mo-a0ab2-privacy-and-GDPR-compliance-chromium/test-failed-1.png]]

[[ATTACHMENT|test-results/advertising-Advertising-Mo-a0ab2-privacy-and-GDPR-compliance-chromium/video.webm]]

[[ATTACHMENT|test-results/advertising-Advertising-Mo-a0ab2-privacy-and-GDPR-compliance-chromium/error-context.md]]
]]>
</system-out>
</testcase>
<testcase name="Advertising &amp; Monetization Tests › Ad Performance and User Experience › ads should not significantly impact page load performance" classname="advertising.spec.ts" time="11.979">
</testcase>
<testcase name="Advertising &amp; Monetization Tests › Ad Performance and User Experience › ads should not interfere with main functionality" classname="advertising.spec.ts" time="9.039">
</testcase>
<testcase name="Advertising &amp; Monetization Tests › Ad Performance and User Experience › ads should be clearly distinguishable from content" classname="advertising.spec.ts" time="5.875">
</testcase>
<testcase name="Advertising &amp; Monetization Tests › Affiliate Marketing › should have properly attributed affiliate links" classname="advertising.spec.ts" time="4.137">
</testcase>
<testcase name="Advertising &amp; Monetization Tests › Affiliate Marketing › should disclose affiliate relationships" classname="advertising.spec.ts" time="4.134">
</testcase>
<testcase name="Advertising &amp; Monetization Tests › Monetization Compliance › should have ads.txt file for programmatic advertising" classname="advertising.spec.ts" time="4.387">
</testcase>
<testcase name="Advertising &amp; Monetization Tests › Monetization Compliance › should comply with advertising standards" classname="advertising.spec.ts" time="3.984">
</testcase>
<testcase name="Advertising &amp; Monetization Tests › Monetization Compliance › should maintain content-to-ad ratio" classname="advertising.spec.ts" time="31.858">
<failure message="advertising.spec.ts:393:9 should maintain content-to-ad ratio" type="FAILURE">
<![CDATA[  [chromium] › advertising.spec.ts:393:9 › Advertising & Monetization Tests › Monetization Compliance › should maintain content-to-ad ratio 

    Test timeout of 30000ms exceeded.

    Error: locator.textContent: Test timeout of 30000ms exceeded.
    Call log:
      - waiting for locator('main, .content, .main-content')


      400 |         // Get main content area
      401 |         const mainContent = page.locator('main, .content, .main-content');
    > 402 |         const contentText = await mainContent.textContent();
          |                                               ^
      403 |         const contentLength = contentText!.replace(/\s+/g, ' ').trim().length;
      404 |
      405 |         // Get ad areas
        at /Users/myuser/development/ibkr-tax-calculator/tests/ui/advertising.spec.ts:402:47

    attachment #1: screenshot (image/png) ──────────────────────────────────────────────────────────
    ../../test-results/advertising-Advertising-Mo-22648-aintain-content-to-ad-ratio-chromium/test-failed-1.png
    ────────────────────────────────────────────────────────────────────────────────────────────────

    attachment #2: video (video/webm) ──────────────────────────────────────────────────────────────
    ../../test-results/advertising-Advertising-Mo-22648-aintain-content-to-ad-ratio-chromium/video.webm
    ────────────────────────────────────────────────────────────────────────────────────────────────

    Error Context: ../../test-results/advertising-Advertising-Mo-22648-aintain-content-to-ad-ratio-chromium/error-context.md
]]>
</failure>
<system-out>
<![CDATA[
[[ATTACHMENT|test-results/advertising-Advertising-Mo-22648-aintain-content-to-ad-ratio-chromium/test-failed-1.png]]

[[ATTACHMENT|test-results/advertising-Advertising-Mo-22648-aintain-content-to-ad-ratio-chromium/video.webm]]

[[ATTACHMENT|test-results/advertising-Advertising-Mo-22648-aintain-content-to-ad-ratio-chromium/error-context.md]]
]]>
</system-out>
</testcase>
<testcase name="Advertising &amp; Monetization Tests › Mobile Ad Experience › mobile ads should not interfere with navigation" classname="advertising.spec.ts" time="6.853">
<failure message="advertising.spec.ts:419:9 mobile ads should not interfere with navigation" type="FAILURE">
<![CDATA[  [chromium] › advertising.spec.ts:419:9 › Advertising & Monetization Tests › Mobile Ad Experience › mobile ads should not interfere with navigation 

    Error: locator.isVisible: Error: strict mode violation: locator('.navbar-toggler, .menu-toggle, button[aria-expanded]') resolved to 7 elements:
        1) <button type="button" class="navbar-toggler" data-bs-toggle="collapse" data-bs-target="#navbarNav">…</button> aka getByRole('navigation').getByRole('button')
        2) <button type="button" aria-expanded="false" data-bs-toggle="collapse" data-bs-target="#collapse1" class="accordion-button collapsed">↵                                    What file fo…</button> aka getByRole('button', { name: 'What file formats does the' })
        3) <button type="button" aria-expanded="false" data-bs-toggle="collapse" data-bs-target="#collapse2" class="accordion-button collapsed">↵                                    How accurate…</button> aka getByRole('button', { name: 'How accurate are the tax' })
        4) <button type="button" aria-expanded="false" data-bs-toggle="collapse" data-bs-target="#collapse3" class="accordion-button collapsed">↵                                    What about d…</button> aka getByRole('button', { name: 'What about data privacy and' })
        5) <button type="button" aria-expanded="false" data-bs-toggle="collapse" data-bs-target="#collapse4" class="accordion-button collapsed">↵                                    Do I need to…</button> aka getByRole('button', { name: 'Do I need to report small' })
        6) <button type="button" aria-expanded="false" data-bs-toggle="collapse" data-bs-target="#collapse5" class="accordion-button collapsed">↵                                    How does cur…</button> aka getByRole('button', { name: 'How does currency conversion' })
        7) <button type="button" aria-expanded="false" data-bs-toggle="collapse" data-bs-target="#collapse6" class="accordion-button collapsed">↵                                    What if I ha…</button> aka getByRole('button', { name: 'What if I have losses from' })

    Call log:
        - checking visibility of locator('.navbar-toggler, .menu-toggle, button[aria-expanded]')


      424 |       // Mobile menu should be accessible
      425 |       const mobileToggle = basePage.mobileMenuToggle;
    > 426 |       if (await mobileToggle.isVisible()) {
          |                              ^
      427 |         await expect(mobileToggle).toBeEnabled();
      428 |         
      429 |         // Click should work despite any ads
        at /Users/myuser/development/ibkr-tax-calculator/tests/ui/advertising.spec.ts:426:30

    attachment #1: screenshot (image/png) ──────────────────────────────────────────────────────────
    ../../test-results/advertising-Advertising-Mo-ada29-t-interfere-with-navigation-chromium/test-failed-1.png
    ────────────────────────────────────────────────────────────────────────────────────────────────

    attachment #2: video (video/webm) ──────────────────────────────────────────────────────────────
    ../../test-results/advertising-Advertising-Mo-ada29-t-interfere-with-navigation-chromium/video.webm
    ────────────────────────────────────────────────────────────────────────────────────────────────

    Error Context: ../../test-results/advertising-Advertising-Mo-ada29-t-interfere-with-navigation-chromium/error-context.md
]]>
</failure>
<system-out>
<![CDATA[
[[ATTACHMENT|test-results/advertising-Advertising-Mo-ada29-t-interfere-with-navigation-chromium/test-failed-1.png]]

[[ATTACHMENT|test-results/advertising-Advertising-Mo-ada29-t-interfere-with-navigation-chromium/video.webm]]

[[ATTACHMENT|test-results/advertising-Advertising-Mo-ada29-t-interfere-with-navigation-chromium/error-context.md]]
]]>
</system-out>
</testcase>
<testcase name="Advertising &amp; Monetization Tests › Mobile Ad Experience › mobile ads should be appropriately sized" classname="advertising.spec.ts" time="6.728">
</testcase>
<testcase name="Advertising &amp; Monetization Tests › Mobile Ad Experience › should not have intrusive mobile ad formats" classname="advertising.spec.ts" time="6.671">
</testcase>
</testsuite>
<testsuite name="blog/blog.spec.ts" timestamp="2025-10-16T21:33:41.300Z" hostname="chromium" tests="1" failures="1" skipped="0" time="16.653" errors="0">
<testcase name="Blog Page › loads blog index with posts" classname="blog/blog.spec.ts" time="16.653">
<failure message="blog.spec.ts:7:7 loads blog index with posts" type="FAILURE">
<![CDATA[  [chromium] › blog/blog.spec.ts:7:7 › Blog Page › loads blog index with posts ─────────────────────

    Error: expect(received).toBeGreaterThan(expected)

    Expected: > 0
    Received:   0

    Call Log:
    - Timeout 10000ms exceeded while waiting on the predicate

      27 |     const cards = page.locator('.blog-posts .blog-post-card');
      28 |     // Poll until at least one card appears or fail
    > 29 |     await expect.poll(async () => await cards.count(), { timeout: 10000 }).toBeGreaterThan(0);
         |     ^
      30 |   });
      31 |
      32 | });
        at /Users/myuser/development/ibkr-tax-calculator/tests/ui/blog/blog.spec.ts:29:5

    attachment #1: screenshot (image/png) ──────────────────────────────────────────────────────────
    ../../test-results/blog-blog-Blog-Page-loads-blog-index-with-posts-chromium/test-failed-1.png
    ────────────────────────────────────────────────────────────────────────────────────────────────

    attachment #2: video (video/webm) ──────────────────────────────────────────────────────────────
    ../../test-results/blog-blog-Blog-Page-loads-blog-index-with-posts-chromium/video.webm
    ────────────────────────────────────────────────────────────────────────────────────────────────

    Error Context: ../../test-results/blog-blog-Blog-Page-loads-blog-index-with-posts-chromium/error-context.md
]]>
</failure>
<system-out>
<![CDATA[Console messages: log: IBKR Tax Calculator - Initializing...
log: Calculator elements not found - skipping initialization (not on calculator page)

[[ATTACHMENT|test-results/blog-blog-Blog-Page-loads-blog-index-with-posts-chromium/test-failed-1.png]]

[[ATTACHMENT|test-results/blog-blog-Blog-Page-loads-blog-index-with-posts-chromium/video.webm]]

[[ATTACHMENT|test-results/blog-blog-Blog-Page-loads-blog-index-with-posts-chromium/error-context.md]]
]]>
</system-out>
</testcase>
</testsuite>
<testsuite name="content-seo.spec.ts" timestamp="2025-10-16T21:33:41.300Z" hostname="chromium" tests="20" failures="14" skipped="0" time="178.602" errors="0">
<testcase name="Content &amp; SEO Tests › Static Pages Content › About page should have comprehensive content" classname="content-seo.spec.ts" time="3.512">
<failure message="content-seo.spec.ts:6:9 About page should have comprehensive content" type="FAILURE">
<![CDATA[  [chromium] › content-seo.spec.ts:6:9 › Content & SEO Tests › Static Pages Content › About page should have comprehensive content 

    Error: expect(received).toBeTruthy()

    Received: ""

       at helpers/page-objects.ts:144

      142 |     // Check for essential SEO meta tags
      143 |     const title = await this.page.title();
    > 144 |     expect(title).toBeTruthy();
          |                   ^
      145 |     expect(title.length).toBeGreaterThan(5);
      146 |     
      147 |     // Check for description (flexible - may not exist on all pages)
        at BasePage.checkSEOTags (/Users/myuser/development/ibkr-tax-calculator/tests/ui/helpers/page-objects.ts:144:19)
        at /Users/myuser/development/ibkr-tax-calculator/tests/ui/content-seo.spec.ts:12:7

    attachment #1: screenshot (image/png) ──────────────────────────────────────────────────────────
    ../../test-results/content-seo-Content-SEO-Te-e1e92--have-comprehensive-content-chromium/test-failed-1.png
    ────────────────────────────────────────────────────────────────────────────────────────────────

    attachment #2: video (video/webm) ──────────────────────────────────────────────────────────────
    ../../test-results/content-seo-Content-SEO-Te-e1e92--have-comprehensive-content-chromium/video.webm
    ────────────────────────────────────────────────────────────────────────────────────────────────

    Error Context: ../../test-results/content-seo-Content-SEO-Te-e1e92--have-comprehensive-content-chromium/error-context.md
]]>
</failure>
<system-out>
<![CDATA[
[[ATTACHMENT|test-results/content-seo-Content-SEO-Te-e1e92--have-comprehensive-content-chromium/test-failed-1.png]]

[[ATTACHMENT|test-results/content-seo-Content-SEO-Te-e1e92--have-comprehensive-content-chromium/video.webm]]

[[ATTACHMENT|test-results/content-seo-Content-SEO-Te-e1e92--have-comprehensive-content-chromium/error-context.md]]
]]>
</system-out>
</testcase>
<testcase name="Content &amp; SEO Tests › Static Pages Content › Help page should provide comprehensive assistance" classname="content-seo.spec.ts" time="3.624">
<failure message="content-seo.spec.ts:58:9 Help page should provide comprehensive assistance" type="FAILURE">
<![CDATA[  [chromium] › content-seo.spec.ts:58:9 › Content & SEO Tests › Static Pages Content › Help page should provide comprehensive assistance 

    Error: expect(received).toBeTruthy()

    Received: ""

       at helpers/page-objects.ts:144

      142 |     // Check for essential SEO meta tags
      143 |     const title = await this.page.title();
    > 144 |     expect(title).toBeTruthy();
          |                   ^
      145 |     expect(title.length).toBeGreaterThan(5);
      146 |     
      147 |     // Check for description (flexible - may not exist on all pages)
        at BasePage.checkSEOTags (/Users/myuser/development/ibkr-tax-calculator/tests/ui/helpers/page-objects.ts:144:19)
        at /Users/myuser/development/ibkr-tax-calculator/tests/ui/content-seo.spec.ts:63:7

    attachment #1: screenshot (image/png) ──────────────────────────────────────────────────────────
    ../../test-results/content-seo-Content-SEO-Te-6a8fd-de-comprehensive-assistance-chromium/test-failed-1.png
    ────────────────────────────────────────────────────────────────────────────────────────────────

    attachment #2: video (video/webm) ──────────────────────────────────────────────────────────────
    ../../test-results/content-seo-Content-SEO-Te-6a8fd-de-comprehensive-assistance-chromium/video.webm
    ────────────────────────────────────────────────────────────────────────────────────────────────

    Error Context: ../../test-results/content-seo-Content-SEO-Te-6a8fd-de-comprehensive-assistance-chromium/error-context.md
]]>
</failure>
<system-out>
<![CDATA[
[[ATTACHMENT|test-results/content-seo-Content-SEO-Te-6a8fd-de-comprehensive-assistance-chromium/test-failed-1.png]]

[[ATTACHMENT|test-results/content-seo-Content-SEO-Te-6a8fd-de-comprehensive-assistance-chromium/video.webm]]

[[ATTACHMENT|test-results/content-seo-Content-SEO-Te-6a8fd-de-comprehensive-assistance-chromium/error-context.md]]
]]>
</system-out>
</testcase>
<testcase name="Content &amp; SEO Tests › Static Pages Content › Privacy Policy should be comprehensive and legal" classname="content-seo.spec.ts" time="3.494">
<failure message="content-seo.spec.ts:113:9 Privacy Policy should be comprehensive and legal" type="FAILURE">
<![CDATA[  [chromium] › content-seo.spec.ts:113:9 › Content & SEO Tests › Static Pages Content › Privacy Policy should be comprehensive and legal 

    Error: expect(received).toBeTruthy()

    Received: ""

       at helpers/page-objects.ts:144

      142 |     // Check for essential SEO meta tags
      143 |     const title = await this.page.title();
    > 144 |     expect(title).toBeTruthy();
          |                   ^
      145 |     expect(title.length).toBeGreaterThan(5);
      146 |     
      147 |     // Check for description (flexible - may not exist on all pages)
        at BasePage.checkSEOTags (/Users/myuser/development/ibkr-tax-calculator/tests/ui/helpers/page-objects.ts:144:19)
        at /Users/myuser/development/ibkr-tax-calculator/tests/ui/content-seo.spec.ts:118:7

    attachment #1: screenshot (image/png) ──────────────────────────────────────────────────────────
    ../../test-results/content-seo-Content-SEO-Te-a23c6--be-comprehensive-and-legal-chromium/test-failed-1.png
    ────────────────────────────────────────────────────────────────────────────────────────────────

    attachment #2: video (video/webm) ──────────────────────────────────────────────────────────────
    ../../test-results/content-seo-Content-SEO-Te-a23c6--be-comprehensive-and-legal-chromium/video.webm
    ────────────────────────────────────────────────────────────────────────────────────────────────

    Error Context: ../../test-results/content-seo-Content-SEO-Te-a23c6--be-comprehensive-and-legal-chromium/error-context.md
]]>
</failure>
<system-out>
<![CDATA[
[[ATTACHMENT|test-results/content-seo-Content-SEO-Te-a23c6--be-comprehensive-and-legal-chromium/test-failed-1.png]]

[[ATTACHMENT|test-results/content-seo-Content-SEO-Te-a23c6--be-comprehensive-and-legal-chromium/video.webm]]

[[ATTACHMENT|test-results/content-seo-Content-SEO-Te-a23c6--be-comprehensive-and-legal-chromium/error-context.md]]
]]>
</system-out>
</testcase>
<testcase name="Content &amp; SEO Tests › Static Pages Content › Terms of Service should be comprehensive" classname="content-seo.spec.ts" time="3.574">
<failure message="content-seo.spec.ts:156:9 Terms of Service should be comprehensive" type="FAILURE">
<![CDATA[  [chromium] › content-seo.spec.ts:156:9 › Content & SEO Tests › Static Pages Content › Terms of Service should be comprehensive 

    Error: expect(received).toBeTruthy()

    Received: ""

       at helpers/page-objects.ts:144

      142 |     // Check for essential SEO meta tags
      143 |     const title = await this.page.title();
    > 144 |     expect(title).toBeTruthy();
          |                   ^
      145 |     expect(title.length).toBeGreaterThan(5);
      146 |     
      147 |     // Check for description (flexible - may not exist on all pages)
        at BasePage.checkSEOTags (/Users/myuser/development/ibkr-tax-calculator/tests/ui/helpers/page-objects.ts:144:19)
        at /Users/myuser/development/ibkr-tax-calculator/tests/ui/content-seo.spec.ts:161:7

    attachment #1: screenshot (image/png) ──────────────────────────────────────────────────────────
    ../../test-results/content-seo-Content-SEO-Te-cb8d0-ice-should-be-comprehensive-chromium/test-failed-1.png
    ────────────────────────────────────────────────────────────────────────────────────────────────

    attachment #2: video (video/webm) ──────────────────────────────────────────────────────────────
    ../../test-results/content-seo-Content-SEO-Te-cb8d0-ice-should-be-comprehensive-chromium/video.webm
    ────────────────────────────────────────────────────────────────────────────────────────────────

    Error Context: ../../test-results/content-seo-Content-SEO-Te-cb8d0-ice-should-be-comprehensive-chromium/error-context.md
]]>
</failure>
<system-out>
<![CDATA[
[[ATTACHMENT|test-results/content-seo-Content-SEO-Te-cb8d0-ice-should-be-comprehensive-chromium/test-failed-1.png]]

[[ATTACHMENT|test-results/content-seo-Content-SEO-Te-cb8d0-ice-should-be-comprehensive-chromium/video.webm]]

[[ATTACHMENT|test-results/content-seo-Content-SEO-Te-cb8d0-ice-should-be-comprehensive-chromium/error-context.md]]
]]>
</system-out>
</testcase>
<testcase name="Content &amp; SEO Tests › Blog Content › Blog page should display posts with proper structure" classname="content-seo.spec.ts" time="3.518">
<failure message="content-seo.spec.ts:199:9 Blog page should display posts with proper structure" type="FAILURE">
<![CDATA[  [chromium] › content-seo.spec.ts:199:9 › Content & SEO Tests › Blog Content › Blog page should display posts with proper structure 

    Error: expect(received).toBeTruthy()

    Received: ""

       at helpers/page-objects.ts:144

      142 |     // Check for essential SEO meta tags
      143 |     const title = await this.page.title();
    > 144 |     expect(title).toBeTruthy();
          |                   ^
      145 |     expect(title.length).toBeGreaterThan(5);
      146 |     
      147 |     // Check for description (flexible - may not exist on all pages)
        at BlogPage.checkSEOTags (/Users/myuser/development/ibkr-tax-calculator/tests/ui/helpers/page-objects.ts:144:19)
        at /Users/myuser/development/ibkr-tax-calculator/tests/ui/content-seo.spec.ts:204:7

    attachment #1: screenshot (image/png) ──────────────────────────────────────────────────────────
    ../../test-results/content-seo-Content-SEO-Te-68803-posts-with-proper-structure-chromium/test-failed-1.png
    ────────────────────────────────────────────────────────────────────────────────────────────────

    attachment #2: video (video/webm) ──────────────────────────────────────────────────────────────
    ../../test-results/content-seo-Content-SEO-Te-68803-posts-with-proper-structure-chromium/video.webm
    ────────────────────────────────────────────────────────────────────────────────────────────────

    Error Context: ../../test-results/content-seo-Content-SEO-Te-68803-posts-with-proper-structure-chromium/error-context.md
]]>
</failure>
<system-out>
<![CDATA[
[[ATTACHMENT|test-results/content-seo-Content-SEO-Te-68803-posts-with-proper-structure-chromium/test-failed-1.png]]

[[ATTACHMENT|test-results/content-seo-Content-SEO-Te-68803-posts-with-proper-structure-chromium/video.webm]]

[[ATTACHMENT|test-results/content-seo-Content-SEO-Te-68803-posts-with-proper-structure-chromium/error-context.md]]
]]>
</system-out>
</testcase>
<testcase name="Content &amp; SEO Tests › Blog Content › Blog search functionality should work" classname="content-seo.spec.ts" time="3.799">
</testcase>
<testcase name="Content &amp; SEO Tests › Blog Content › Individual blog posts should have proper structure" classname="content-seo.spec.ts" time="3.55">
</testcase>
<testcase name="Content &amp; SEO Tests › Blog Content › Blog should have RSS feed or sitemap" classname="content-seo.spec.ts" time="1.011">
</testcase>
<testcase name="Content &amp; SEO Tests › SEO Optimization › All pages should have unique and descriptive titles" classname="content-seo.spec.ts" time="2.778">
<failure message="content-seo.spec.ts:336:9 All pages should have unique and descriptive titles" type="FAILURE">
<![CDATA[  [chromium] › content-seo.spec.ts:336:9 › Content & SEO Tests › SEO Optimization › All pages should have unique and descriptive titles 

    Error: expect(received).toBeTruthy()

    Received: ""

      342 |
      343 |         const title = await page.title();
    > 344 |         expect(title).toBeTruthy();
          |                       ^
      345 |         expect(title.length).toBeGreaterThan(10);
      346 |         expect(title.length).toBeLessThan(60); // SEO best practice
      347 |         
        at /Users/myuser/development/ibkr-tax-calculator/tests/ui/content-seo.spec.ts:344:23

    attachment #1: screenshot (image/png) ──────────────────────────────────────────────────────────
    ../../test-results/content-seo-Content-SEO-Te-72104-ique-and-descriptive-titles-chromium/test-failed-1.png
    ────────────────────────────────────────────────────────────────────────────────────────────────

    attachment #2: video (video/webm) ──────────────────────────────────────────────────────────────
    ../../test-results/content-seo-Content-SEO-Te-72104-ique-and-descriptive-titles-chromium/video.webm
    ────────────────────────────────────────────────────────────────────────────────────────────────

    Error Context: ../../test-results/content-seo-Content-SEO-Te-72104-ique-and-descriptive-titles-chromium/error-context.md
]]>
</failure>
<system-out>
<![CDATA[
[[ATTACHMENT|test-results/content-seo-Content-SEO-Te-72104-ique-and-descriptive-titles-chromium/test-failed-1.png]]

[[ATTACHMENT|test-results/content-seo-Content-SEO-Te-72104-ique-and-descriptive-titles-chromium/video.webm]]

[[ATTACHMENT|test-results/content-seo-Content-SEO-Te-72104-ique-and-descriptive-titles-chromium/error-context.md]]
]]>
</system-out>
</testcase>
<testcase name="Content &amp; SEO Tests › SEO Optimization › All pages should have meta descriptions" classname="content-seo.spec.ts" time="2.093">
<failure message="content-seo.spec.ts:362:9 All pages should have meta descriptions" type="FAILURE">
<![CDATA[  [chromium] › content-seo.spec.ts:362:9 › Content & SEO Tests › SEO Optimization › All pages should have meta descriptions 

    Error: expect(received).toBeLessThan(expected)

    Expected: < 160
    Received:   199

      368 |         expect(description).toBeTruthy();
      369 |         expect(description!.length).toBeGreaterThan(120);
    > 370 |         expect(description!.length).toBeLessThan(160); // SEO best practice
          |                                     ^
      371 |       }
      372 |     });
      373 |
        at /Users/myuser/development/ibkr-tax-calculator/tests/ui/content-seo.spec.ts:370:37

    attachment #1: screenshot (image/png) ──────────────────────────────────────────────────────────
    ../../test-results/content-seo-Content-SEO-Te-0834c-ould-have-meta-descriptions-chromium/test-failed-1.png
    ────────────────────────────────────────────────────────────────────────────────────────────────

    attachment #2: video (video/webm) ──────────────────────────────────────────────────────────────
    ../../test-results/content-seo-Content-SEO-Te-0834c-ould-have-meta-descriptions-chromium/video.webm
    ────────────────────────────────────────────────────────────────────────────────────────────────

    Error Context: ../../test-results/content-seo-Content-SEO-Te-0834c-ould-have-meta-descriptions-chromium/error-context.md
]]>
</failure>
<system-out>
<![CDATA[
[[ATTACHMENT|test-results/content-seo-Content-SEO-Te-0834c-ould-have-meta-descriptions-chromium/test-failed-1.png]]

[[ATTACHMENT|test-results/content-seo-Content-SEO-Te-0834c-ould-have-meta-descriptions-chromium/video.webm]]

[[ATTACHMENT|test-results/content-seo-Content-SEO-Te-0834c-ould-have-meta-descriptions-chromium/error-context.md]]
]]>
</system-out>
</testcase>
<testcase name="Content &amp; SEO Tests › SEO Optimization › All pages should have Open Graph tags" classname="content-seo.spec.ts" time="32.244">
<failure message="content-seo.spec.ts:374:9 All pages should have Open Graph tags" type="FAILURE">
<![CDATA[  [chromium] › content-seo.spec.ts:374:9 › Content & SEO Tests › SEO Optimization › All pages should have Open Graph tags 

    Test timeout of 30000ms exceeded.

    Error: locator.getAttribute: Test timeout of 30000ms exceeded.
    Call log:
      - waiting for locator('meta[property="og:title"]')


      378 |
      379 |         // Check essential Open Graph tags
    > 380 |         const ogTitle = await page.locator('meta[property="og:title"]').getAttribute('content');
          |                                                                         ^
      381 |         expect(ogTitle).toBeTruthy();
      382 |
      383 |         const ogDescription = await page.locator('meta[property="og:description"]').getAttribute('content');
        at /Users/myuser/development/ibkr-tax-calculator/tests/ui/content-seo.spec.ts:380:73

    attachment #1: screenshot (image/png) ──────────────────────────────────────────────────────────
    ../../test-results/content-seo-Content-SEO-Te-ef73a-should-have-Open-Graph-tags-chromium/test-failed-1.png
    ────────────────────────────────────────────────────────────────────────────────────────────────

    attachment #2: video (video/webm) ──────────────────────────────────────────────────────────────
    ../../test-results/content-seo-Content-SEO-Te-ef73a-should-have-Open-Graph-tags-chromium/video.webm
    ────────────────────────────────────────────────────────────────────────────────────────────────

    Error Context: ../../test-results/content-seo-Content-SEO-Te-ef73a-should-have-Open-Graph-tags-chromium/error-context.md
]]>
</failure>
<system-out>
<![CDATA[
[[ATTACHMENT|test-results/content-seo-Content-SEO-Te-ef73a-should-have-Open-Graph-tags-chromium/test-failed-1.png]]

[[ATTACHMENT|test-results/content-seo-Content-SEO-Te-ef73a-should-have-Open-Graph-tags-chromium/video.webm]]

[[ATTACHMENT|test-results/content-seo-Content-SEO-Te-ef73a-should-have-Open-Graph-tags-chromium/error-context.md]]
]]>
</system-out>
</testcase>
<testcase name="Content &amp; SEO Tests › SEO Optimization › All pages should have Twitter Card tags" classname="content-seo.spec.ts" time="32.203">
<failure message="content-seo.spec.ts:396:9 All pages should have Twitter Card tags" type="FAILURE">
<![CDATA[  [chromium] › content-seo.spec.ts:396:9 › Content & SEO Tests › SEO Optimization › All pages should have Twitter Card tags 

    Test timeout of 30000ms exceeded.

    Error: locator.getAttribute: Test timeout of 30000ms exceeded.
    Call log:
      - waiting for locator('meta[name="twitter:card"]')


      399 |         await page.waitForLoadState('networkidle');
      400 |
    > 401 |         const twitterCard = await page.locator('meta[name="twitter:card"]').getAttribute('content');
          |                                                                             ^
      402 |         if (twitterCard) {
      403 |           expect(['summary', 'summary_large_image']).toContain(twitterCard);
      404 |         }
        at /Users/myuser/development/ibkr-tax-calculator/tests/ui/content-seo.spec.ts:401:77

    attachment #1: screenshot (image/png) ──────────────────────────────────────────────────────────
    ../../test-results/content-seo-Content-SEO-Te-924f7-ould-have-Twitter-Card-tags-chromium/test-failed-1.png
    ────────────────────────────────────────────────────────────────────────────────────────────────

    attachment #2: video (video/webm) ──────────────────────────────────────────────────────────────
    ../../test-results/content-seo-Content-SEO-Te-924f7-ould-have-Twitter-Card-tags-chromium/video.webm
    ────────────────────────────────────────────────────────────────────────────────────────────────

    Error Context: ../../test-results/content-seo-Content-SEO-Te-924f7-ould-have-Twitter-Card-tags-chromium/error-context.md
]]>
</failure>
<system-out>
<![CDATA[
[[ATTACHMENT|test-results/content-seo-Content-SEO-Te-924f7-ould-have-Twitter-Card-tags-chromium/test-failed-1.png]]

[[ATTACHMENT|test-results/content-seo-Content-SEO-Te-924f7-ould-have-Twitter-Card-tags-chromium/video.webm]]

[[ATTACHMENT|test-results/content-seo-Content-SEO-Te-924f7-ould-have-Twitter-Card-tags-chromium/error-context.md]]
]]>
</system-out>
</testcase>
<testcase name="Content &amp; SEO Tests › SEO Optimization › Pages should have proper canonical URLs" classname="content-seo.spec.ts" time="32.75">
<failure message="content-seo.spec.ts:413:9 Pages should have proper canonical URLs" type="FAILURE">
<![CDATA[  [chromium] › content-seo.spec.ts:413:9 › Content & SEO Tests › SEO Optimization › Pages should have proper canonical URLs 

    Test timeout of 30000ms exceeded.

    Error: locator.getAttribute: Test timeout of 30000ms exceeded.
    Call log:
      - waiting for locator('link[rel="canonical"]')


      416 |         await page.waitForLoadState('networkidle');
      417 |
    > 418 |         const canonical = await page.locator('link[rel="canonical"]').getAttribute('href');
          |                                                                       ^
      419 |         expect(canonical).toBeTruthy();
      420 |         expect(canonical).toMatch(/^https?:\/\//);
      421 |         
        at /Users/myuser/development/ibkr-tax-calculator/tests/ui/content-seo.spec.ts:418:71

    attachment #1: screenshot (image/png) ──────────────────────────────────────────────────────────
    ../../test-results/content-seo-Content-SEO-Te-ad32b--have-proper-canonical-URLs-chromium/test-failed-1.png
    ────────────────────────────────────────────────────────────────────────────────────────────────

    attachment #2: video (video/webm) ──────────────────────────────────────────────────────────────
    ../../test-results/content-seo-Content-SEO-Te-ad32b--have-proper-canonical-URLs-chromium/video.webm
    ────────────────────────────────────────────────────────────────────────────────────────────────

    Error Context: ../../test-results/content-seo-Content-SEO-Te-ad32b--have-proper-canonical-URLs-chromium/error-context.md
]]>
</failure>
<system-out>
<![CDATA[
[[ATTACHMENT|test-results/content-seo-Content-SEO-Te-ad32b--have-proper-canonical-URLs-chromium/test-failed-1.png]]

[[ATTACHMENT|test-results/content-seo-Content-SEO-Te-ad32b--have-proper-canonical-URLs-chromium/video.webm]]

[[ATTACHMENT|test-results/content-seo-Content-SEO-Te-ad32b--have-proper-canonical-URLs-chromium/error-context.md]]
]]>
</system-out>
</testcase>
<testcase name="Content &amp; SEO Tests › SEO Optimization › Site should have structured data markup" classname="content-seo.spec.ts" time="1.819">
</testcase>
<testcase name="Content &amp; SEO Tests › SEO Optimization › Site should have robots.txt" classname="content-seo.spec.ts" time="0.923">
<failure message="content-seo.spec.ts:456:9 Site should have robots.txt" type="FAILURE">
<![CDATA[  [chromium] › content-seo.spec.ts:456:9 › Content & SEO Tests › SEO Optimization › Site should have robots.txt 

    Error: expect(received).toBeTruthy()

    Received: false

      456 |     test('Site should have robots.txt', async ({ page }) => {
      457 |       const robotsResponse = await page.request.get('/robots.txt');
    > 458 |       expect(robotsResponse.ok()).toBeTruthy();
          |                                   ^
      459 |
      460 |       const robotsContent = await robotsResponse.text();
      461 |       expect(robotsContent).toContain('User-agent:');
        at /Users/myuser/development/ibkr-tax-calculator/tests/ui/content-seo.spec.ts:458:35

    attachment #1: screenshot (image/png) ──────────────────────────────────────────────────────────
    ../../test-results/content-seo-Content-SEO-Te-624f6-Site-should-have-robots-txt-chromium/test-failed-1.png
    ────────────────────────────────────────────────────────────────────────────────────────────────

    attachment #2: video (video/webm) ──────────────────────────────────────────────────────────────
    ../../test-results/content-seo-Content-SEO-Te-624f6-Site-should-have-robots-txt-chromium/video.webm
    ────────────────────────────────────────────────────────────────────────────────────────────────
]]>
</failure>
<system-out>
<![CDATA[
[[ATTACHMENT|test-results/content-seo-Content-SEO-Te-624f6-Site-should-have-robots-txt-chromium/test-failed-1.png]]

[[ATTACHMENT|test-results/content-seo-Content-SEO-Te-624f6-Site-should-have-robots-txt-chromium/video.webm]]
]]>
</system-out>
</testcase>
<testcase name="Content &amp; SEO Tests › SEO Optimization › Site should have XML sitemap" classname="content-seo.spec.ts" time="0.677">
<failure message="content-seo.spec.ts:470:9 Site should have XML sitemap" type="FAILURE">
<![CDATA[  [chromium] › content-seo.spec.ts:470:9 › Content & SEO Tests › SEO Optimization › Site should have XML sitemap 

    Error: expect(received).toBeTruthy()

    Received: false

      470 |     test('Site should have XML sitemap', async ({ page }) => {
      471 |       const sitemapResponse = await page.request.get('/sitemap.xml');
    > 472 |       expect(sitemapResponse.ok()).toBeTruthy();
          |                                    ^
      473 |
      474 |       const sitemapContent = await sitemapResponse.text();
      475 |       expect(sitemapContent).toContain('<?xml');
        at /Users/myuser/development/ibkr-tax-calculator/tests/ui/content-seo.spec.ts:472:36

    attachment #1: screenshot (image/png) ──────────────────────────────────────────────────────────
    ../../test-results/content-seo-Content-SEO-Te-9d86f-ite-should-have-XML-sitemap-chromium/test-failed-1.png
    ────────────────────────────────────────────────────────────────────────────────────────────────

    attachment #2: video (video/webm) ──────────────────────────────────────────────────────────────
    ../../test-results/content-seo-Content-SEO-Te-9d86f-ite-should-have-XML-sitemap-chromium/video.webm
    ────────────────────────────────────────────────────────────────────────────────────────────────
]]>
</failure>
<system-out>
<![CDATA[
[[ATTACHMENT|test-results/content-seo-Content-SEO-Te-9d86f-ite-should-have-XML-sitemap-chromium/test-failed-1.png]]

[[ATTACHMENT|test-results/content-seo-Content-SEO-Te-9d86f-ite-should-have-XML-sitemap-chromium/video.webm]]
]]>
</system-out>
</testcase>
<testcase name="Content &amp; SEO Tests › SEO Optimization › Images should have alt text and proper optimization" classname="content-seo.spec.ts" time="7.976">
</testcase>
<testcase name="Content &amp; SEO Tests › Content Quality › Content should be well-structured with proper headings" classname="content-seo.spec.ts" time="1.443">
<failure message="content-seo.spec.ts:522:9 Content should be well-structured with proper headings" type="FAILURE">
<![CDATA[  [chromium] › content-seo.spec.ts:522:9 › Content & SEO Tests › Content Quality › Content should be well-structured with proper headings 

    Error: expect(received).toBeGreaterThan(expected)

    Expected: > 1
    Received:   0

      529 |         // Check heading hierarchy
      530 |         const headings = await page.locator('h1, h2, h3, h4, h5, h6').all();
    > 531 |         expect(headings.length).toBeGreaterThan(1);
          |                                 ^
      532 |
      533 |         const headingLevels = await Promise.all(
      534 |           headings.map(async (heading) => {
        at /Users/myuser/development/ibkr-tax-calculator/tests/ui/content-seo.spec.ts:531:33

    attachment #1: screenshot (image/png) ──────────────────────────────────────────────────────────
    ../../test-results/content-seo-Content-SEO-Te-5bad4-ctured-with-proper-headings-chromium/test-failed-1.png
    ────────────────────────────────────────────────────────────────────────────────────────────────

    attachment #2: video (video/webm) ──────────────────────────────────────────────────────────────
    ../../test-results/content-seo-Content-SEO-Te-5bad4-ctured-with-proper-headings-chromium/video.webm
    ────────────────────────────────────────────────────────────────────────────────────────────────

    Error Context: ../../test-results/content-seo-Content-SEO-Te-5bad4-ctured-with-proper-headings-chromium/error-context.md
]]>
</failure>
<system-out>
<![CDATA[
[[ATTACHMENT|test-results/content-seo-Content-SEO-Te-5bad4-ctured-with-proper-headings-chromium/test-failed-1.png]]

[[ATTACHMENT|test-results/content-seo-Content-SEO-Te-5bad4-ctured-with-proper-headings-chromium/video.webm]]

[[ATTACHMENT|test-results/content-seo-Content-SEO-Te-5bad4-ctured-with-proper-headings-chromium/error-context.md]]
]]>
</system-out>
</testcase>
<testcase name="Content &amp; SEO Tests › Content Quality › Content should have adequate text-to-HTML ratio" classname="content-seo.spec.ts" time="32.744">
<failure message="content-seo.spec.ts:551:9 Content should have adequate text-to-HTML ratio" type="FAILURE">
<![CDATA[  [chromium] › content-seo.spec.ts:551:9 › Content & SEO Tests › Content Quality › Content should have adequate text-to-HTML ratio 

    Test timeout of 30000ms exceeded.

    Error: locator.textContent: Test timeout of 30000ms exceeded.
    Call log:
      - waiting for locator('main, .content')


      556 |         await page.waitForLoadState('networkidle');
      557 |
    > 558 |         const textContent = await page.locator('main, .content').textContent();
          |                                                                  ^
      559 |         const htmlContent = await page.locator('main, .content').innerHTML();
      560 |
      561 |         const textLength = textContent!.replace(/\s+/g, ' ').trim().length;
        at /Users/myuser/development/ibkr-tax-calculator/tests/ui/content-seo.spec.ts:558:66

    attachment #1: screenshot (image/png) ──────────────────────────────────────────────────────────
    ../../test-results/content-seo-Content-SEO-Te-efe5a-adequate-text-to-HTML-ratio-chromium/test-failed-1.png
    ────────────────────────────────────────────────────────────────────────────────────────────────

    attachment #2: video (video/webm) ──────────────────────────────────────────────────────────────
    ../../test-results/content-seo-Content-SEO-Te-efe5a-adequate-text-to-HTML-ratio-chromium/video.webm
    ────────────────────────────────────────────────────────────────────────────────────────────────

    Error Context: ../../test-results/content-seo-Content-SEO-Te-efe5a-adequate-text-to-HTML-ratio-chromium/error-context.md
]]>
</failure>
<system-out>
<![CDATA[
[[ATTACHMENT|test-results/content-seo-Content-SEO-Te-efe5a-adequate-text-to-HTML-ratio-chromium/test-failed-1.png]]

[[ATTACHMENT|test-results/content-seo-Content-SEO-Te-efe5a-adequate-text-to-HTML-ratio-chromium/video.webm]]

[[ATTACHMENT|test-results/content-seo-Content-SEO-Te-efe5a-adequate-text-to-HTML-ratio-chromium/error-context.md]]
]]>
</system-out>
</testcase>
<testcase name="Content &amp; SEO Tests › Content Quality › Links should be descriptive and work correctly" classname="content-seo.spec.ts" time="4.87">
</testcase>
</testsuite>
<testsuite name="landing-page-button.spec.ts" timestamp="2025-10-16T21:33:41.300Z" hostname="chromium" tests="2" failures="2" skipped="0" time="32.47" errors="0">
<testcase name="Landing Page Start Calculation Button › should navigate to calculator when Start Calculation button is clicked" classname="landing-page-button.spec.ts" time="30.542">
<failure message="landing-page-button.spec.ts:4:7 should navigate to calculator when Start Calculation button is clicked" type="FAILURE">
<![CDATA[  [chromium] › landing-page-button.spec.ts:4:7 › Landing Page Start Calculation Button › should navigate to calculator when Start Calculation button is clicked 

    Test timeout of 30000ms exceeded.

    Error: locator.click: Test timeout of 30000ms exceeded.
    Call log:
      - waiting for locator('.btn:has-text("Start Calculation")').first()
        - locator resolved to <a href="calculate.html" class="btn btn-light btn-lg">Start Calculation</a>
      - attempting click action
        2 × waiting for element to be visible, enabled and stable
          - element is visible, enabled and stable
          - scrolling into view if needed
          - done scrolling
          - <div class="fc-dialog-overlay"></div> from <div class="fc-consent-root">…</div> subtree intercepts pointer events
        - retrying click action
        - waiting 20ms
        - waiting for element to be visible, enabled and stable
        - element is visible, enabled and stable
        - scrolling into view if needed
        - done scrolling
        - <div class="fc-dialog-overlay"></div> from <div class="fc-consent-root">…</div> subtree intercepts pointer events
      - retrying click action
        - waiting 100ms
        - waiting for element to be visible, enabled and stable
        - element is not stable
      - retrying click action
        - waiting 100ms
        53 × waiting for element to be visible, enabled and stable
           - element is visible, enabled and stable
           - scrolling into view if needed
           - done scrolling
           - <div class="fc-dialog-overlay"></div> from <div class="fc-consent-root">…</div> subtree intercepts pointer events
         - retrying click action
           - waiting 500ms
        - waiting for element to be visible, enabled and stable


      78 |     
      79 |     // Click the Start Calculation button
    > 80 |     await startButton!.click();
         |                        ^
      81 |     
      82 |     // Wait a moment for any navigation or state changes
      83 |     await page.waitForTimeout(2000);
        at /Users/myuser/development/ibkr-tax-calculator/tests/ui/landing-page-button.spec.ts:80:24

    attachment #1: screenshot (image/png) ──────────────────────────────────────────────────────────
    ../../test-results/landing-page-button-Landin-32099-lculation-button-is-clicked-chromium/test-failed-1.png
    ────────────────────────────────────────────────────────────────────────────────────────────────

    attachment #2: video (video/webm) ──────────────────────────────────────────────────────────────
    ../../test-results/landing-page-button-Landin-32099-lculation-button-is-clicked-chromium/video.webm
    ────────────────────────────────────────────────────────────────────────────────────────────────

    Error Context: ../../test-results/landing-page-button-Landin-32099-lculation-button-is-clicked-chromium/error-context.md
]]>
</failure>
<system-out>
<![CDATA[Page loaded, looking for Start Calculation button...
Found Start Calculation button with selector: .btn:has-text("Start Calculation")
Current URL before click: https://cgttaxtool.uk/

[[ATTACHMENT|test-results/landing-page-button-Landin-32099-lculation-button-is-clicked-chromium/test-failed-1.png]]

[[ATTACHMENT|test-results/landing-page-button-Landin-32099-lculation-button-is-clicked-chromium/video.webm]]

[[ATTACHMENT|test-results/landing-page-button-Landin-32099-lculation-button-is-clicked-chromium/error-context.md]]
]]>
</system-out>
</testcase>
<testcase name="Landing Page Start Calculation Button › should have correct debug logging in console" classname="landing-page-button.spec.ts" time="1.928">
<failure message="landing-page-button.spec.ts:125:7 should have correct debug logging in console" type="FAILURE">
<![CDATA[  [chromium] › landing-page-button.spec.ts:125:7 › Landing Page Start Calculation Button › should have correct debug logging in console 

    Error: expect(received).toBeTruthy()

    Received: false

      136 |     // Check if LandingPage component is rendering
      137 |     const hasRenderLog = consoleMessages.some(msg => msg.includes('Component rendering'));
    > 138 |     expect(hasRenderLog).toBeTruthy();
          |                          ^
      139 |     
      140 |     // Click button and check for click log
      141 |     const startButton = page.locator('button:has-text("Start Calculation")').first();
        at /Users/myuser/development/ibkr-tax-calculator/tests/ui/landing-page-button.spec.ts:138:26

    attachment #1: screenshot (image/png) ──────────────────────────────────────────────────────────
    ../../test-results/landing-page-button-Landin-8c864-ct-debug-logging-in-console-chromium/test-failed-1.png
    ────────────────────────────────────────────────────────────────────────────────────────────────

    attachment #2: video (video/webm) ──────────────────────────────────────────────────────────────
    ../../test-results/landing-page-button-Landin-8c864-ct-debug-logging-in-console-chromium/video.webm
    ────────────────────────────────────────────────────────────────────────────────────────────────

    Error Context: ../../test-results/landing-page-button-Landin-8c864-ct-debug-logging-in-console-chromium/error-context.md
]]>
</failure>
<system-out>
<![CDATA[
[[ATTACHMENT|test-results/landing-page-button-Landin-8c864-ct-debug-logging-in-console-chromium/test-failed-1.png]]

[[ATTACHMENT|test-results/landing-page-button-Landin-8c864-ct-debug-logging-in-console-chromium/video.webm]]

[[ATTACHMENT|test-results/landing-page-button-Landin-8c864-ct-debug-logging-in-console-chromium/error-context.md]]
]]>
</system-out>
</testcase>
</testsuite>
<testsuite name="navigation-layout.spec.ts" timestamp="2025-10-16T21:33:41.300Z" hostname="chromium" tests="22" failures="6" skipped="0" time="140.215" errors="0">
<testcase name="Navigation &amp; Layout Tests › Desktop Navigation › should display main navigation with all required links" classname="navigation-layout.spec.ts" time="4.17">
</testcase>
<testcase name="Navigation &amp; Layout Tests › Desktop Navigation › should highlight active navigation item" classname="navigation-layout.spec.ts" time="6.727">
<system-out>
<![CDATA[Navigation active state check: initial="navbar-brand", new="navbar-brand", hasActive=false
]]>
</system-out>
</testcase>
<testcase name="Navigation &amp; Layout Tests › Desktop Navigation › should handle external links correctly" classname="navigation-layout.spec.ts" time="3.76">
</testcase>
<testcase name="Navigation &amp; Layout Tests › Mobile Navigation › should display mobile hamburger menu" classname="navigation-layout.spec.ts" time="4.31">
</testcase>
<testcase name="Navigation &amp; Layout Tests › Mobile Navigation › should open and close mobile menu" classname="navigation-layout.spec.ts" time="3.941">
<failure message="navigation-layout.spec.ts:135:9 should open and close mobile menu" type="FAILURE">
<![CDATA[  [chromium] › navigation-layout.spec.ts:135:9 › Navigation & Layout Tests › Mobile Navigation › should open and close mobile menu 

    Error: locator.click: Error: strict mode violation: locator('.navbar-toggler, .menu-toggle, button[aria-expanded]') resolved to 7 elements:
        1) <button type="button" class="navbar-toggler" data-bs-toggle="collapse" data-bs-target="#navbarNav">…</button> aka getByRole('navigation').locator('button')
        2) <button type="button" aria-expanded="false" data-bs-toggle="collapse" data-bs-target="#collapse1" class="accordion-button collapsed">↵                                    What file fo…</button> aka getByRole('button', { name: 'What file formats does the' })
        3) <button type="button" aria-expanded="false" data-bs-toggle="collapse" data-bs-target="#collapse2" class="accordion-button collapsed">↵                                    How accurate…</button> aka getByRole('button', { name: 'How accurate are the tax' })
        4) <button type="button" aria-expanded="false" data-bs-toggle="collapse" data-bs-target="#collapse3" class="accordion-button collapsed">↵                                    What about d…</button> aka getByRole('button', { name: 'What about data privacy and' })
        5) <button type="button" aria-expanded="false" data-bs-toggle="collapse" data-bs-target="#collapse4" class="accordion-button collapsed">↵                                    Do I need to…</button> aka getByRole('button', { name: 'Do I need to report small' })
        6) <button type="button" aria-expanded="false" data-bs-toggle="collapse" data-bs-target="#collapse5" class="accordion-button collapsed">↵                                    How does cur…</button> aka getByRole('button', { name: 'How does currency conversion' })
        7) <button type="button" aria-expanded="false" data-bs-toggle="collapse" data-bs-target="#collapse6" class="accordion-button collapsed">↵                                    What if I ha…</button> aka getByRole('button', { name: 'What if I have losses from' })

    Call log:
      - waiting for locator('.navbar-toggler, .menu-toggle, button[aria-expanded]')


      137 |       
      138 |       // Click hamburger to open
    > 139 |       await basePage.mobileMenuToggle.click();
          |                                       ^
      140 |       const mobileMenu = page.locator('.navbar-collapse');
      141 |       await expect(mobileMenu).toHaveClass(/show/);
      142 |       
        at /Users/myuser/development/ibkr-tax-calculator/tests/ui/navigation-layout.spec.ts:139:39

    attachment #1: screenshot (image/png) ──────────────────────────────────────────────────────────
    ../../test-results/navigation-layout-Navigati-5d8f7--open-and-close-mobile-menu-chromium/test-failed-1.png
    ────────────────────────────────────────────────────────────────────────────────────────────────

    attachment #2: video (video/webm) ──────────────────────────────────────────────────────────────
    ../../test-results/navigation-layout-Navigati-5d8f7--open-and-close-mobile-menu-chromium/video.webm
    ────────────────────────────────────────────────────────────────────────────────────────────────

    Error Context: ../../test-results/navigation-layout-Navigati-5d8f7--open-and-close-mobile-menu-chromium/error-context.md
]]>
</failure>
<system-out>
<![CDATA[
[[ATTACHMENT|test-results/navigation-layout-Navigati-5d8f7--open-and-close-mobile-menu-chromium/test-failed-1.png]]

[[ATTACHMENT|test-results/navigation-layout-Navigati-5d8f7--open-and-close-mobile-menu-chromium/video.webm]]

[[ATTACHMENT|test-results/navigation-layout-Navigati-5d8f7--open-and-close-mobile-menu-chromium/error-context.md]]
]]>
</system-out>
</testcase>
<testcase name="Navigation &amp; Layout Tests › Mobile Navigation › should close mobile menu when clicking menu item" classname="navigation-layout.spec.ts" time="4.171">
<failure message="navigation-layout.spec.ts:153:9 should close mobile menu when clicking menu item" type="FAILURE">
<![CDATA[  [chromium] › navigation-layout.spec.ts:153:9 › Navigation & Layout Tests › Mobile Navigation › should close mobile menu when clicking menu item 

    Error: locator.click: Error: strict mode violation: locator('.navbar-toggler, .menu-toggle, button[aria-expanded]') resolved to 7 elements:
        1) <button type="button" class="navbar-toggler" data-bs-toggle="collapse" data-bs-target="#navbarNav">…</button> aka getByRole('navigation').locator('button')
        2) <button type="button" aria-expanded="false" data-bs-toggle="collapse" data-bs-target="#collapse1" class="accordion-button collapsed">↵                                    What file fo…</button> aka getByRole('button', { name: 'What file formats does the' })
        3) <button type="button" aria-expanded="false" data-bs-toggle="collapse" data-bs-target="#collapse2" class="accordion-button collapsed">↵                                    How accurate…</button> aka getByRole('button', { name: 'How accurate are the tax' })
        4) <button type="button" aria-expanded="false" data-bs-toggle="collapse" data-bs-target="#collapse3" class="accordion-button collapsed">↵                                    What about d…</button> aka getByRole('button', { name: 'What about data privacy and' })
        5) <button type="button" aria-expanded="false" data-bs-toggle="collapse" data-bs-target="#collapse4" class="accordion-button collapsed">↵                                    Do I need to…</button> aka getByRole('button', { name: 'Do I need to report small' })
        6) <button type="button" aria-expanded="false" data-bs-toggle="collapse" data-bs-target="#collapse5" class="accordion-button collapsed">↵                                    How does cur…</button> aka getByRole('button', { name: 'How does currency conversion' })
        7) <button type="button" aria-expanded="false" data-bs-toggle="collapse" data-bs-target="#collapse6" class="accordion-button collapsed">↵                                    What if I ha…</button> aka getByRole('button', { name: 'What if I have losses from' })

    Call log:
      - waiting for locator('.navbar-toggler, .menu-toggle, button[aria-expanded]')


      153 |     test('should close mobile menu when clicking menu item', async ({ page }) => {
      154 |       // Open menu
    > 155 |       await basePage.mobileMenuToggle.click();
          |                                       ^
      156 |       const mobileMenu = page.locator('.navbar-collapse');
      157 |       await expect(mobileMenu).toHaveClass(/show/);
      158 |       
        at /Users/myuser/development/ibkr-tax-calculator/tests/ui/navigation-layout.spec.ts:155:39

    attachment #1: screenshot (image/png) ──────────────────────────────────────────────────────────
    ../../test-results/navigation-layout-Navigati-40dc7-enu-when-clicking-menu-item-chromium/test-failed-1.png
    ────────────────────────────────────────────────────────────────────────────────────────────────

    attachment #2: video (video/webm) ──────────────────────────────────────────────────────────────
    ../../test-results/navigation-layout-Navigati-40dc7-enu-when-clicking-menu-item-chromium/video.webm
    ────────────────────────────────────────────────────────────────────────────────────────────────

    Error Context: ../../test-results/navigation-layout-Navigati-40dc7-enu-when-clicking-menu-item-chromium/error-context.md
]]>
</failure>
<system-out>
<![CDATA[
[[ATTACHMENT|test-results/navigation-layout-Navigati-40dc7-enu-when-clicking-menu-item-chromium/test-failed-1.png]]

[[ATTACHMENT|test-results/navigation-layout-Navigati-40dc7-enu-when-clicking-menu-item-chromium/video.webm]]

[[ATTACHMENT|test-results/navigation-layout-Navigati-40dc7-enu-when-clicking-menu-item-chromium/error-context.md]]
]]>
</system-out>
</testcase>
<testcase name="Navigation &amp; Layout Tests › Layout Structure › should have proper semantic HTML structure" classname="navigation-layout.spec.ts" time="4.17">
</testcase>
<testcase name="Navigation &amp; Layout Tests › Layout Structure › should be responsive across different screen sizes" classname="navigation-layout.spec.ts" time="6.412">
<failure message="navigation-layout.spec.ts:198:9 should be responsive across different screen sizes" type="FAILURE">
<![CDATA[  [chromium] › navigation-layout.spec.ts:198:9 › Navigation & Layout Tests › Layout Structure › should be responsive across different screen sizes 

    Error: expect(locator).toBeVisible() failed

    Locator: locator('.navbar-toggler, .menu-toggle, button[aria-expanded]')
    Expected: visible
    Error: strict mode violation: locator('.navbar-toggler, .menu-toggle, button[aria-expanded]') resolved to 7 elements:
        1) <button type="button" class="navbar-toggler" data-bs-toggle="collapse" data-bs-target="#navbarNav">…</button> aka getByRole('navigation').getByRole('button')
        2) <button type="button" aria-expanded="true" class="accordion-button" data-bs-toggle="collapse" data-bs-target="#collapse1">↵                                    What file fo…</button> aka getByRole('button', { name: 'What file formats does the' })
        3) <button type="button" aria-expanded="false" data-bs-toggle="collapse" data-bs-target="#collapse2" class="accordion-button collapsed">↵                                    How accurate…</button> aka getByRole('button', { name: 'How accurate are the tax' })
        4) <button type="button" aria-expanded="false" data-bs-toggle="collapse" data-bs-target="#collapse3" class="accordion-button collapsed">↵                                    What about d…</button> aka getByRole('button', { name: 'What about data privacy and' })
        5) <button type="button" aria-expanded="false" data-bs-toggle="collapse" data-bs-target="#collapse4" class="accordion-button collapsed">↵                                    Do I need to…</button> aka getByRole('button', { name: 'Do I need to report small' })
        6) <button type="button" aria-expanded="false" data-bs-toggle="collapse" data-bs-target="#collapse5" class="accordion-button collapsed">↵                                    How does cur…</button> aka getByRole('button', { name: 'How does currency conversion' })
        7) <button type="button" aria-expanded="false" data-bs-toggle="collapse" data-bs-target="#collapse6" class="accordion-button collapsed">↵                                    What if I ha…</button> aka getByRole('button', { name: 'What if I have losses from' })

    Call log:
      - Expect "toBeVisible" with timeout 5000ms
      - waiting for locator('.navbar-toggler, .menu-toggle, button[aria-expanded]')


      225 |         if (viewport.width < 992) {
      226 |           // Mobile: hamburger menu should be visible
    > 227 |           await expect(basePage.mobileMenuToggle).toBeVisible();
          |                                                   ^
      228 |         } else {
      229 |           // Desktop: full nav should be visible
      230 |           const navLinks = page.locator('nav .navbar-nav a');
        at /Users/myuser/development/ibkr-tax-calculator/tests/ui/navigation-layout.spec.ts:227:51

    attachment #1: screenshot (image/png) ──────────────────────────────────────────────────────────
    ../../test-results/navigation-layout-Navigati-05dd0-ross-different-screen-sizes-chromium/test-failed-1.png
    ────────────────────────────────────────────────────────────────────────────────────────────────

    attachment #2: video (video/webm) ──────────────────────────────────────────────────────────────
    ../../test-results/navigation-layout-Navigati-05dd0-ross-different-screen-sizes-chromium/video.webm
    ────────────────────────────────────────────────────────────────────────────────────────────────

    Error Context: ../../test-results/navigation-layout-Navigati-05dd0-ross-different-screen-sizes-chromium/error-context.md
]]>
</failure>
<system-out>
<![CDATA[
[[ATTACHMENT|test-results/navigation-layout-Navigati-05dd0-ross-different-screen-sizes-chromium/test-failed-1.png]]

[[ATTACHMENT|test-results/navigation-layout-Navigati-05dd0-ross-different-screen-sizes-chromium/video.webm]]

[[ATTACHMENT|test-results/navigation-layout-Navigati-05dd0-ross-different-screen-sizes-chromium/error-context.md]]
]]>
</system-out>
</testcase>
<testcase name="Navigation &amp; Layout Tests › Layout Structure › should handle page layout without content overflow" classname="navigation-layout.spec.ts" time="4.401">
</testcase>
<testcase name="Navigation &amp; Layout Tests › Footer › should display footer with required links" classname="navigation-layout.spec.ts" time="19.919">
<failure message="navigation-layout.spec.ts:258:9 should display footer with required links" type="FAILURE">
<![CDATA[  [chromium] › navigation-layout.spec.ts:258:9 › Navigation & Layout Tests › Footer › should display footer with required links 

    Error: page.goto: net::ERR_TIMED_OUT at https://cgttaxtool.uk/
    Call log:
      - navigating to "https://cgttaxtool.uk/", waiting until "load"


       at helpers/page-objects.ts:25

      23 |       url = path.startsWith('/') ? path : `/${path}`;
      24 |     }
    > 25 |     await this.page.goto(url);
         |                     ^
      26 |   }
      27 |
      28 |   async waitForPageLoad() {
        at BasePage.goto (/Users/myuser/development/ibkr-tax-calculator/tests/ui/helpers/page-objects.ts:25:21)
        at /Users/myuser/development/ibkr-tax-calculator/tests/ui/navigation-layout.spec.ts:9:20

    attachment #1: screenshot (image/png) ──────────────────────────────────────────────────────────
    ../../test-results/navigation-layout-Navigati-0e38a--footer-with-required-links-chromium/test-failed-1.png
    ────────────────────────────────────────────────────────────────────────────────────────────────

    attachment #2: video (video/webm) ──────────────────────────────────────────────────────────────
    ../../test-results/navigation-layout-Navigati-0e38a--footer-with-required-links-chromium/video.webm
    ────────────────────────────────────────────────────────────────────────────────────────────────
]]>
</failure>
<system-out>
<![CDATA[
[[ATTACHMENT|test-results/navigation-layout-Navigati-0e38a--footer-with-required-links-chromium/test-failed-1.png]]

[[ATTACHMENT|test-results/navigation-layout-Navigati-0e38a--footer-with-required-links-chromium/video.webm]]
]]>
</system-out>
</testcase>
<testcase name="Navigation &amp; Layout Tests › Footer › should display copyright information" classname="navigation-layout.spec.ts" time="4.976">
</testcase>
<testcase name="Navigation &amp; Layout Tests › Footer › should display social media links if present" classname="navigation-layout.spec.ts" time="5.07">
</testcase>
<testcase name="Navigation &amp; Layout Tests › Accessibility › should have proper ARIA labels and roles" classname="navigation-layout.spec.ts" time="4.677">
</testcase>
<testcase name="Navigation &amp; Layout Tests › Accessibility › should support keyboard navigation" classname="navigation-layout.spec.ts" time="5.012">
</testcase>
<testcase name="Navigation &amp; Layout Tests › Accessibility › should have proper heading hierarchy" classname="navigation-layout.spec.ts" time="20.376">
<failure message="navigation-layout.spec.ts:386:9 should have proper heading hierarchy" type="FAILURE">
<![CDATA[  [chromium] › navigation-layout.spec.ts:386:9 › Navigation & Layout Tests › Accessibility › should have proper heading hierarchy 

    Error: page.goto: net::ERR_TIMED_OUT at https://cgttaxtool.uk/
    Call log:
      - navigating to "https://cgttaxtool.uk/", waiting until "load"


       at helpers/page-objects.ts:25

      23 |       url = path.startsWith('/') ? path : `/${path}`;
      24 |     }
    > 25 |     await this.page.goto(url);
         |                     ^
      26 |   }
      27 |
      28 |   async waitForPageLoad() {
        at BasePage.goto (/Users/myuser/development/ibkr-tax-calculator/tests/ui/helpers/page-objects.ts:25:21)
        at /Users/myuser/development/ibkr-tax-calculator/tests/ui/navigation-layout.spec.ts:9:20

    attachment #1: screenshot (image/png) ──────────────────────────────────────────────────────────
    ../../test-results/navigation-layout-Navigati-d2b00-ve-proper-heading-hierarchy-chromium/test-failed-1.png
    ────────────────────────────────────────────────────────────────────────────────────────────────

    attachment #2: video (video/webm) ──────────────────────────────────────────────────────────────
    ../../test-results/navigation-layout-Navigati-d2b00-ve-proper-heading-hierarchy-chromium/video.webm
    ────────────────────────────────────────────────────────────────────────────────────────────────
]]>
</failure>
<system-out>
<![CDATA[
[[ATTACHMENT|test-results/navigation-layout-Navigati-d2b00-ve-proper-heading-hierarchy-chromium/test-failed-1.png]]

[[ATTACHMENT|test-results/navigation-layout-Navigati-d2b00-ve-proper-heading-hierarchy-chromium/video.webm]]
]]>
</system-out>
</testcase>
<testcase name="Navigation &amp; Layout Tests › Accessibility › should have alt text for all images" classname="navigation-layout.spec.ts" time="4.615">
</testcase>
<testcase name="Navigation &amp; Layout Tests › SEO &amp; Meta Tags › should have proper SEO meta tags on all pages" classname="navigation-layout.spec.ts" time="10.719">
<failure message="navigation-layout.spec.ts:441:9 should have proper SEO meta tags on all pages" type="FAILURE">
<![CDATA[  [chromium] › navigation-layout.spec.ts:441:9 › Navigation & Layout Tests › SEO & Meta Tags › should have proper SEO meta tags on all pages 

    Error: expect(received).toBeTruthy()

    Received: ""

       at helpers/page-objects.ts:144

      142 |     // Check for essential SEO meta tags
      143 |     const title = await this.page.title();
    > 144 |     expect(title).toBeTruthy();
          |                   ^
      145 |     expect(title.length).toBeGreaterThan(5);
      146 |     
      147 |     // Check for description (flexible - may not exist on all pages)
        at BasePage.checkSEOTags (/Users/myuser/development/ibkr-tax-calculator/tests/ui/helpers/page-objects.ts:144:19)
        at /Users/myuser/development/ibkr-tax-calculator/tests/ui/navigation-layout.spec.ts:447:9

    attachment #1: screenshot (image/png) ──────────────────────────────────────────────────────────
    ../../test-results/navigation-layout-Navigati-e9840--SEO-meta-tags-on-all-pages-chromium/test-failed-1.png
    ────────────────────────────────────────────────────────────────────────────────────────────────

    attachment #2: video (video/webm) ──────────────────────────────────────────────────────────────
    ../../test-results/navigation-layout-Navigati-e9840--SEO-meta-tags-on-all-pages-chromium/video.webm
    ────────────────────────────────────────────────────────────────────────────────────────────────

    Error Context: ../../test-results/navigation-layout-Navigati-e9840--SEO-meta-tags-on-all-pages-chromium/error-context.md
]]>
</failure>
<system-out>
<![CDATA[
[[ATTACHMENT|test-results/navigation-layout-Navigati-e9840--SEO-meta-tags-on-all-pages-chromium/test-failed-1.png]]

[[ATTACHMENT|test-results/navigation-layout-Navigati-e9840--SEO-meta-tags-on-all-pages-chromium/video.webm]]

[[ATTACHMENT|test-results/navigation-layout-Navigati-e9840--SEO-meta-tags-on-all-pages-chromium/error-context.md]]
]]>
</system-out>
</testcase>
<testcase name="Navigation &amp; Layout Tests › SEO &amp; Meta Tags › should have structured data markup" classname="navigation-layout.spec.ts" time="4.537">
</testcase>
<testcase name="Navigation &amp; Layout Tests › SEO &amp; Meta Tags › should have proper canonical URLs" classname="navigation-layout.spec.ts" time="4.384">
</testcase>
<testcase name="Navigation &amp; Layout Tests › SEO &amp; Meta Tags › should have favicon and app icons" classname="navigation-layout.spec.ts" time="4.59">
</testcase>
<testcase name="Navigation &amp; Layout Tests › Error Handling › should handle 404 pages gracefully" classname="navigation-layout.spec.ts" time="4.496">
</testcase>
<testcase name="Navigation &amp; Layout Tests › Error Handling › should maintain layout when JavaScript fails" classname="navigation-layout.spec.ts" time="4.782">
</testcase>
</testsuite>
<testsuite name="performance-accessibility.spec.ts" timestamp="2025-10-16T21:33:41.300Z" hostname="chromium" tests="20" failures="9" skipped="2" time="107.547" errors="0">
<testcase name="Performance &amp; Accessibility Tests › Core Web Vitals &amp; Performance › should have good page load performance" classname="performance-accessibility.spec.ts" time="4.802">
</testcase>
<testcase name="Performance &amp; Accessibility Tests › Core Web Vitals &amp; Performance › should have minimal Cumulative Layout Shift" classname="performance-accessibility.spec.ts" time="7.323">
</testcase>
<testcase name="Performance &amp; Accessibility Tests › Core Web Vitals &amp; Performance › should optimize resource loading" classname="performance-accessibility.spec.ts" time="4.405">
</testcase>
<testcase name="Performance &amp; Accessibility Tests › Core Web Vitals &amp; Performance › should handle slow network conditions" classname="performance-accessibility.spec.ts" time="9.038">
<failure message="performance-accessibility.spec.ts:122:9 should handle slow network conditions" type="FAILURE">
<![CDATA[  [chromium] › performance-accessibility.spec.ts:122:9 › Performance & Accessibility Tests › Core Web Vitals & Performance › should handle slow network conditions 

    Error: expect(locator).toBeVisible() failed

    Locator: locator('h1')
    Expected: visible
    Error: strict mode violation: locator('h1') resolved to 2 elements:
        1) <h1 class="display-4 fw-bold mb-4">UK Tax Calculator for Interactive Brokers</h1> aka getByRole('heading', { name: 'UK Tax Calculator for' })
        2) <h1 class="display-4 fw-bold mb-4">Tax & Investment Blog</h1> aka getByRole('heading', { name: 'Tax & Investment Blog' })

    Call log:
      - Expect "toBeVisible" with timeout 5000ms
      - waiting for locator('h1')


      140 |
      141 |       // Critical content should be visible
    > 142 |       await expect(page.locator('h1')).toBeVisible();
          |                                        ^
      143 |       await expect(page.locator('nav')).toBeVisible();
      144 |     });
      145 |
        at /Users/myuser/development/ibkr-tax-calculator/tests/ui/performance-accessibility.spec.ts:142:40

    attachment #1: screenshot (image/png) ──────────────────────────────────────────────────────────
    ../../test-results/performance-accessibility--96a93-dle-slow-network-conditions-chromium/test-failed-1.png
    ────────────────────────────────────────────────────────────────────────────────────────────────

    attachment #2: video (video/webm) ──────────────────────────────────────────────────────────────
    ../../test-results/performance-accessibility--96a93-dle-slow-network-conditions-chromium/video.webm
    ────────────────────────────────────────────────────────────────────────────────────────────────

    Error Context: ../../test-results/performance-accessibility--96a93-dle-slow-network-conditions-chromium/error-context.md
]]>
</failure>
<system-out>
<![CDATA[
[[ATTACHMENT|test-results/performance-accessibility--96a93-dle-slow-network-conditions-chromium/test-failed-1.png]]

[[ATTACHMENT|test-results/performance-accessibility--96a93-dle-slow-network-conditions-chromium/video.webm]]

[[ATTACHMENT|test-results/performance-accessibility--96a93-dle-slow-network-conditions-chromium/error-context.md]]
]]>
</system-out>
</testcase>
<testcase name="Performance &amp; Accessibility Tests › Core Web Vitals &amp; Performance › should be responsive across different viewport sizes" classname="performance-accessibility.spec.ts" time="9.696">
<failure message="performance-accessibility.spec.ts:146:9 should be responsive across different viewport sizes" type="FAILURE">
<![CDATA[  [chromium] › performance-accessibility.spec.ts:146:9 › Performance & Accessibility Tests › Core Web Vitals & Performance › should be responsive across different viewport sizes 

    Error: expect(locator).toBeVisible() failed

    Locator: locator('main')
    Expected: visible
    Timeout: 5000ms
    Error: element(s) not found

    Call log:
      - Expect "toBeVisible" with timeout 5000ms
      - waiting for locator('main')


      162 |
      163 |         // Check that content is visible and properly laid out
    > 164 |         await expect(page.locator('main')).toBeVisible();
          |                                            ^
      165 |         await expect(page.locator('nav')).toBeVisible();
      166 |
      167 |         // Check for horizontal scrollbar (should be minimal)
        at /Users/myuser/development/ibkr-tax-calculator/tests/ui/performance-accessibility.spec.ts:164:44

    attachment #1: screenshot (image/png) ──────────────────────────────────────────────────────────
    ../../test-results/performance-accessibility--349c7-ss-different-viewport-sizes-chromium/test-failed-1.png
    ────────────────────────────────────────────────────────────────────────────────────────────────

    attachment #2: video (video/webm) ──────────────────────────────────────────────────────────────
    ../../test-results/performance-accessibility--349c7-ss-different-viewport-sizes-chromium/video.webm
    ────────────────────────────────────────────────────────────────────────────────────────────────

    Error Context: ../../test-results/performance-accessibility--349c7-ss-different-viewport-sizes-chromium/error-context.md
]]>
</failure>
<system-out>
<![CDATA[
[[ATTACHMENT|test-results/performance-accessibility--349c7-ss-different-viewport-sizes-chromium/test-failed-1.png]]

[[ATTACHMENT|test-results/performance-accessibility--349c7-ss-different-viewport-sizes-chromium/video.webm]]

[[ATTACHMENT|test-results/performance-accessibility--349c7-ss-different-viewport-sizes-chromium/error-context.md]]
]]>
</system-out>
</testcase>
<testcase name="Performance &amp; Accessibility Tests › Accessibility (WCAG 2.1 AA) › should have proper heading hierarchy" classname="performance-accessibility.spec.ts" time="4.723">
<failure message="performance-accessibility.spec.ts:191:9 should have proper heading hierarchy" type="FAILURE">
<![CDATA[  [chromium] › performance-accessibility.spec.ts:191:9 › Performance & Accessibility Tests › Accessibility (WCAG 2.1 AA) › should have proper heading hierarchy 

    Error: expect(received).toBeLessThanOrEqual(expected)

    Expected: <= 1
    Received:    5

      213 |         for (let i = 1; i < headingLevels.length; i++) {
      214 |           const levelDiff = headingLevels[i] - headingLevels[i - 1];
    > 215 |           expect(levelDiff).toBeLessThanOrEqual(1);
          |                             ^
      216 |         }
      217 |       }
      218 |     });
        at /Users/myuser/development/ibkr-tax-calculator/tests/ui/performance-accessibility.spec.ts:215:29

    attachment #1: screenshot (image/png) ──────────────────────────────────────────────────────────
    ../../test-results/performance-accessibility--72f09-ve-proper-heading-hierarchy-chromium/test-failed-1.png
    ────────────────────────────────────────────────────────────────────────────────────────────────

    attachment #2: video (video/webm) ──────────────────────────────────────────────────────────────
    ../../test-results/performance-accessibility--72f09-ve-proper-heading-hierarchy-chromium/video.webm
    ────────────────────────────────────────────────────────────────────────────────────────────────

    Error Context: ../../test-results/performance-accessibility--72f09-ve-proper-heading-hierarchy-chromium/error-context.md
]]>
</failure>
<system-out>
<![CDATA[
[[ATTACHMENT|test-results/performance-accessibility--72f09-ve-proper-heading-hierarchy-chromium/test-failed-1.png]]

[[ATTACHMENT|test-results/performance-accessibility--72f09-ve-proper-heading-hierarchy-chromium/video.webm]]

[[ATTACHMENT|test-results/performance-accessibility--72f09-ve-proper-heading-hierarchy-chromium/error-context.md]]
]]>
</system-out>
</testcase>
<testcase name="Performance &amp; Accessibility Tests › Accessibility (WCAG 2.1 AA) › should have proper ARIA labels and roles" classname="performance-accessibility.spec.ts" time="9.893">
<failure message="performance-accessibility.spec.ts:220:9 should have proper ARIA labels and roles" type="FAILURE">
<![CDATA[  [chromium] › performance-accessibility.spec.ts:220:9 › Performance & Accessibility Tests › Accessibility (WCAG 2.1 AA) › should have proper ARIA labels and roles 

    Error: expect(locator).toBeVisible() failed

    Locator: locator('nav[role="navigation"]')
    Expected: visible
    Timeout: 5000ms
    Error: element(s) not found

    Call log:
      - Expect "toBeVisible" with timeout 5000ms
      - waiting for locator('nav[role="navigation"]')


      225 |       // Check navigation has proper role
      226 |       const nav = page.locator('nav[role="navigation"]');
    > 227 |       await expect(nav).toBeVisible();
          |                         ^
      228 |
      229 |       // Check form elements have labels
      230 |       const formInputs = page.locator('input, select, textarea');
        at /Users/myuser/development/ibkr-tax-calculator/tests/ui/performance-accessibility.spec.ts:227:25

    attachment #1: screenshot (image/png) ──────────────────────────────────────────────────────────
    ../../test-results/performance-accessibility--120f0-roper-ARIA-labels-and-roles-chromium/test-failed-1.png
    ────────────────────────────────────────────────────────────────────────────────────────────────

    attachment #2: video (video/webm) ──────────────────────────────────────────────────────────────
    ../../test-results/performance-accessibility--120f0-roper-ARIA-labels-and-roles-chromium/video.webm
    ────────────────────────────────────────────────────────────────────────────────────────────────

    Error Context: ../../test-results/performance-accessibility--120f0-roper-ARIA-labels-and-roles-chromium/error-context.md
]]>
</failure>
<system-out>
<![CDATA[
[[ATTACHMENT|test-results/performance-accessibility--120f0-roper-ARIA-labels-and-roles-chromium/test-failed-1.png]]

[[ATTACHMENT|test-results/performance-accessibility--120f0-roper-ARIA-labels-and-roles-chromium/video.webm]]

[[ATTACHMENT|test-results/performance-accessibility--120f0-roper-ARIA-labels-and-roles-chromium/error-context.md]]
]]>
</system-out>
</testcase>
<testcase name="Performance &amp; Accessibility Tests › Accessibility (WCAG 2.1 AA) › should have sufficient color contrast" classname="performance-accessibility.spec.ts" time="4.717">
<failure message="performance-accessibility.spec.ts:267:9 should have sufficient color contrast" type="FAILURE">
<![CDATA[  [chromium] › performance-accessibility.spec.ts:267:9 › Performance & Accessibility Tests › Accessibility (WCAG 2.1 AA) › should have sufficient color contrast 

    Error: expect(received).toBeGreaterThan(expected)

    Expected: > 3
    Received:   2.6278218642492277

      306 |         // WCAG AA requires 4.5:1 for normal text, 3:1 for large text
      307 |         if (contrast > 0) {
    > 308 |           expect(contrast).toBeGreaterThan(3); // Minimum for large text
          |                            ^
      309 |         }
      310 |       }
      311 |     });
        at /Users/myuser/development/ibkr-tax-calculator/tests/ui/performance-accessibility.spec.ts:308:28

    attachment #1: screenshot (image/png) ──────────────────────────────────────────────────────────
    ../../test-results/performance-accessibility--b1c18-e-sufficient-color-contrast-chromium/test-failed-1.png
    ────────────────────────────────────────────────────────────────────────────────────────────────

    attachment #2: video (video/webm) ──────────────────────────────────────────────────────────────
    ../../test-results/performance-accessibility--b1c18-e-sufficient-color-contrast-chromium/video.webm
    ────────────────────────────────────────────────────────────────────────────────────────────────

    Error Context: ../../test-results/performance-accessibility--b1c18-e-sufficient-color-contrast-chromium/error-context.md
]]>
</failure>
<system-out>
<![CDATA[
[[ATTACHMENT|test-results/performance-accessibility--b1c18-e-sufficient-color-contrast-chromium/test-failed-1.png]]

[[ATTACHMENT|test-results/performance-accessibility--b1c18-e-sufficient-color-contrast-chromium/video.webm]]

[[ATTACHMENT|test-results/performance-accessibility--b1c18-e-sufficient-color-contrast-chromium/error-context.md]]
]]>
</system-out>
</testcase>
<testcase name="Performance &amp; Accessibility Tests › Accessibility (WCAG 2.1 AA) › should support keyboard navigation" classname="performance-accessibility.spec.ts" time="4.512">
</testcase>
<testcase name="Performance &amp; Accessibility Tests › Accessibility (WCAG 2.1 AA) › should support screen readers" classname="performance-accessibility.spec.ts" time="4.397">
<failure message="performance-accessibility.spec.ts:349:9 should support screen readers" type="FAILURE">
<![CDATA[  [chromium] › performance-accessibility.spec.ts:349:9 › Performance & Accessibility Tests › Accessibility (WCAG 2.1 AA) › should support screen readers 

    Error: expect(received).toBeGreaterThan(expected)

    Expected: > 2
    Received:   2

      371 |       }
      372 |
    > 373 |       expect(landmarkCount).toBeGreaterThan(2); // At least main and nav
          |                             ^
      374 |
      375 |       // Check for skip links
      376 |       const skipLinks = page.locator('a[href="#main"], a:has-text("Skip to")');
        at /Users/myuser/development/ibkr-tax-calculator/tests/ui/performance-accessibility.spec.ts:373:29

    attachment #1: screenshot (image/png) ──────────────────────────────────────────────────────────
    ../../test-results/performance-accessibility--cdc99-ould-support-screen-readers-chromium/test-failed-1.png
    ────────────────────────────────────────────────────────────────────────────────────────────────

    attachment #2: video (video/webm) ──────────────────────────────────────────────────────────────
    ../../test-results/performance-accessibility--cdc99-ould-support-screen-readers-chromium/video.webm
    ────────────────────────────────────────────────────────────────────────────────────────────────

    Error Context: ../../test-results/performance-accessibility--cdc99-ould-support-screen-readers-chromium/error-context.md
]]>
</failure>
<system-out>
<![CDATA[
[[ATTACHMENT|test-results/performance-accessibility--cdc99-ould-support-screen-readers-chromium/test-failed-1.png]]

[[ATTACHMENT|test-results/performance-accessibility--cdc99-ould-support-screen-readers-chromium/video.webm]]

[[ATTACHMENT|test-results/performance-accessibility--cdc99-ould-support-screen-readers-chromium/error-context.md]]
]]>
</system-out>
</testcase>
<testcase name="Performance &amp; Accessibility Tests › Accessibility (WCAG 2.1 AA) › should handle focus management properly" classname="performance-accessibility.spec.ts" time="3.668">
</testcase>
<testcase name="Performance &amp; Accessibility Tests › Accessibility (WCAG 2.1 AA) › should provide error feedback accessibly" classname="performance-accessibility.spec.ts" time="3.584">
</testcase>
<testcase name="Performance &amp; Accessibility Tests › Cross-Browser Compatibility › should work correctly in chromium" classname="performance-accessibility.spec.ts" time="10.176">
<failure message="performance-accessibility.spec.ts:470:11 should work correctly in chromium" type="FAILURE">
<![CDATA[  [chromium] › performance-accessibility.spec.ts:470:11 › Performance & Accessibility Tests › Cross-Browser Compatibility › should work correctly in chromium 

    Error: expect(locator).toBeVisible() failed

    Locator: locator('main')
    Expected: visible
    Timeout: 5000ms
    Error: element(s) not found

    Call log:
      - Expect "toBeVisible" with timeout 5000ms
      - waiting for locator('main')


      478 |         // Basic functionality should work
      479 |         await expect(page.locator('nav')).toBeVisible();
    > 480 |         await expect(page.locator('main')).toBeVisible();
          |                                            ^
      481 |         await expect(page.locator('footer')).toBeVisible();
      482 |
      483 |         // Navigation should work
        at /Users/myuser/development/ibkr-tax-calculator/tests/ui/performance-accessibility.spec.ts:480:44

    attachment #1: screenshot (image/png) ──────────────────────────────────────────────────────────
    ../../test-results/performance-accessibility--1ff58--work-correctly-in-chromium-chromium/test-failed-1.png
    ────────────────────────────────────────────────────────────────────────────────────────────────

    attachment #2: video (video/webm) ──────────────────────────────────────────────────────────────
    ../../test-results/performance-accessibility--1ff58--work-correctly-in-chromium-chromium/video.webm
    ────────────────────────────────────────────────────────────────────────────────────────────────

    Error Context: ../../test-results/performance-accessibility--1ff58--work-correctly-in-chromium-chromium/error-context.md
]]>
</failure>
<system-out>
<![CDATA[
[[ATTACHMENT|test-results/performance-accessibility--1ff58--work-correctly-in-chromium-chromium/test-failed-1.png]]

[[ATTACHMENT|test-results/performance-accessibility--1ff58--work-correctly-in-chromium-chromium/video.webm]]

[[ATTACHMENT|test-results/performance-accessibility--1ff58--work-correctly-in-chromium-chromium/error-context.md]]
]]>
</system-out>
</testcase>
<testcase name="Performance &amp; Accessibility Tests › Cross-Browser Compatibility › should work correctly in firefox" classname="performance-accessibility.spec.ts" time="0.319">
<properties>
<property name="skip" value="Running only on firefox">
</property>
</properties>
<skipped>
</skipped>
</testcase>
<testcase name="Performance &amp; Accessibility Tests › Cross-Browser Compatibility › should work correctly in webkit" classname="performance-accessibility.spec.ts" time="0.427">
<properties>
<property name="skip" value="Running only on webkit">
</property>
</properties>
<skipped>
</skipped>
</testcase>
<testcase name="Performance &amp; Accessibility Tests › Cross-Browser Compatibility › should handle JavaScript disabled gracefully" classname="performance-accessibility.spec.ts" time="7.02">
<failure message="performance-accessibility.spec.ts:506:9 should handle JavaScript disabled gracefully" type="FAILURE">
<![CDATA[  [chromium] › performance-accessibility.spec.ts:506:9 › Performance & Accessibility Tests › Cross-Browser Compatibility › should handle JavaScript disabled gracefully 

    Error: expect(locator).toBeVisible() failed

    Locator: locator('main')
    Expected: visible
    Timeout: 5000ms
    Error: element(s) not found

    Call log:
      - Expect "toBeVisible" with timeout 5000ms
      - waiting for locator('main')


      513 |       // Basic structure should still be visible
      514 |       await expect(page.locator('nav')).toBeVisible();
    > 515 |       await expect(page.locator('main')).toBeVisible();
          |                                          ^
      516 |       await expect(page.locator('footer')).toBeVisible();
      517 |
      518 |       // Links should still work
        at /Users/myuser/development/ibkr-tax-calculator/tests/ui/performance-accessibility.spec.ts:515:42

    attachment #1: screenshot (image/png) ──────────────────────────────────────────────────────────
    ../../test-results/performance-accessibility--ae9b1-aScript-disabled-gracefully-chromium/test-failed-1.png
    ────────────────────────────────────────────────────────────────────────────────────────────────

    attachment #2: video (video/webm) ──────────────────────────────────────────────────────────────
    ../../test-results/performance-accessibility--ae9b1-aScript-disabled-gracefully-chromium/video.webm
    ────────────────────────────────────────────────────────────────────────────────────────────────

    Error Context: ../../test-results/performance-accessibility--ae9b1-aScript-disabled-gracefully-chromium/error-context.md
]]>
</failure>
<system-out>
<![CDATA[
[[ATTACHMENT|test-results/performance-accessibility--ae9b1-aScript-disabled-gracefully-chromium/test-failed-1.png]]

[[ATTACHMENT|test-results/performance-accessibility--ae9b1-aScript-disabled-gracefully-chromium/video.webm]]

[[ATTACHMENT|test-results/performance-accessibility--ae9b1-aScript-disabled-gracefully-chromium/error-context.md]]
]]>
</system-out>
</testcase>
<testcase name="Performance &amp; Accessibility Tests › Mobile Performance › should load quickly on mobile devices" classname="performance-accessibility.spec.ts" time="4.402">
</testcase>
<testcase name="Performance &amp; Accessibility Tests › Mobile Performance › should be touch-friendly" classname="performance-accessibility.spec.ts" time="4.806">
</testcase>
<testcase name="Performance &amp; Accessibility Tests › Mobile Performance › should handle mobile interactions" classname="performance-accessibility.spec.ts" time="4.723">
<failure message="performance-accessibility.spec.ts:574:9 should handle mobile interactions" type="FAILURE">
<![CDATA[  [chromium] › performance-accessibility.spec.ts:574:9 › Performance & Accessibility Tests › Mobile Performance › should handle mobile interactions 

    Error: locator.isVisible: Error: strict mode violation: locator('.navbar-toggler, .menu-toggle, button[aria-expanded]') resolved to 7 elements:
        1) <button type="button" class="navbar-toggler" data-bs-toggle="collapse" data-bs-target="#navbarNav">…</button> aka getByRole('navigation').locator('button')
        2) <button type="button" aria-expanded="false" data-bs-toggle="collapse" data-bs-target="#collapse1" class="accordion-button collapsed">↵                                    What file fo…</button> aka getByRole('button', { name: 'What file formats does the' })
        3) <button type="button" aria-expanded="false" data-bs-toggle="collapse" data-bs-target="#collapse2" class="accordion-button collapsed">↵                                    How accurate…</button> aka getByRole('button', { name: 'How accurate are the tax' })
        4) <button type="button" aria-expanded="false" data-bs-toggle="collapse" data-bs-target="#collapse3" class="accordion-button collapsed">↵                                    What about d…</button> aka getByRole('button', { name: 'What about data privacy and' })
        5) <button type="button" aria-expanded="false" data-bs-toggle="collapse" data-bs-target="#collapse4" class="accordion-button collapsed">↵                                    Do I need to…</button> aka getByRole('button', { name: 'Do I need to report small' })
        6) <button type="button" aria-expanded="false" data-bs-toggle="collapse" data-bs-target="#collapse5" class="accordion-button collapsed">↵                                    How does cur…</button> aka getByRole('button', { name: 'How does currency conversion' })
        7) <button type="button" aria-expanded="false" data-bs-toggle="collapse" data-bs-target="#collapse6" class="accordion-button collapsed">↵                                    What if I ha…</button> aka getByRole('button', { name: 'What if I have losses from' })

    Call log:
        - checking visibility of locator('.navbar-toggler, .menu-toggle, button[aria-expanded]')


      579 |       // Test mobile menu
      580 |       const mobileToggle = basePage.mobileMenuToggle;
    > 581 |       if (await mobileToggle.isVisible()) {
          |                              ^
      582 |         // Tap to open
      583 |         await mobileToggle.tap();
      584 |         
        at /Users/myuser/development/ibkr-tax-calculator/tests/ui/performance-accessibility.spec.ts:581:30

    attachment #1: screenshot (image/png) ──────────────────────────────────────────────────────────
    ../../test-results/performance-accessibility--a7a02--handle-mobile-interactions-chromium/test-failed-1.png
    ────────────────────────────────────────────────────────────────────────────────────────────────

    attachment #2: video (video/webm) ──────────────────────────────────────────────────────────────
    ../../test-results/performance-accessibility--a7a02--handle-mobile-interactions-chromium/video.webm
    ────────────────────────────────────────────────────────────────────────────────────────────────

    Error Context: ../../test-results/performance-accessibility--a7a02--handle-mobile-interactions-chromium/error-context.md
]]>
</failure>
<system-out>
<![CDATA[
[[ATTACHMENT|test-results/performance-accessibility--a7a02--handle-mobile-interactions-chromium/test-failed-1.png]]

[[ATTACHMENT|test-results/performance-accessibility--a7a02--handle-mobile-interactions-chromium/video.webm]]

[[ATTACHMENT|test-results/performance-accessibility--a7a02--handle-mobile-interactions-chromium/error-context.md]]
]]>
</system-out>
</testcase>
<testcase name="Performance &amp; Accessibility Tests › Performance Monitoring › should track Core Web Vitals" classname="performance-accessibility.spec.ts" time="4.916">
<system-out>
<![CDATA[Core Web Vitals: { lcp: [33m684[39m, cls: [33m0.05922744920518663[39m }
]]>
</system-out>
</testcase>
</testsuite>
<testsuite name="tax-calculator.spec.ts" timestamp="2025-10-16T21:33:41.300Z" hostname="chromium" tests="25" failures="19" skipped="5" time="732.763" errors="0">
<testcase name="Tax Calculator Tests › File Upload Functionality › should display file upload interface" classname="tax-calculator.spec.ts" time="9.005">
<failure message="tax-calculator.spec.ts:15:9 should display file upload interface" type="FAILURE">
<![CDATA[  [chromium] › tax-calculator.spec.ts:15:9 › Tax Calculator Tests › File Upload Functionality › should display file upload interface 

    Error: expect(locator).toBeVisible() failed

    Locator: locator('input[type="file"]')
    Expected: visible
    Timeout: 5000ms
    Error: element(s) not found

    Call log:
      - Expect "toBeVisible" with timeout 5000ms
      - waiting for locator('input[type="file"]')


      15 |     test('should display file upload interface', async ({ page }) => {
      16 |       // Check file input is present
    > 17 |       await expect(calculatorPage.fileInput).toBeVisible();
         |                                              ^
      18 |       
      19 |       // Check accepted file types
      20 |       const acceptAttr = await calculatorPage.fileInput.getAttribute('accept');
        at /Users/myuser/development/ibkr-tax-calculator/tests/ui/tax-calculator.spec.ts:17:46

    attachment #1: screenshot (image/png) ──────────────────────────────────────────────────────────
    ../../test-results/tax-calculator-Tax-Calcula-769be-splay-file-upload-interface-chromium/test-failed-1.png
    ────────────────────────────────────────────────────────────────────────────────────────────────

    attachment #2: video (video/webm) ──────────────────────────────────────────────────────────────
    ../../test-results/tax-calculator-Tax-Calcula-769be-splay-file-upload-interface-chromium/video.webm
    ────────────────────────────────────────────────────────────────────────────────────────────────

    Error Context: ../../test-results/tax-calculator-Tax-Calcula-769be-splay-file-upload-interface-chromium/error-context.md
]]>
</failure>
<system-out>
<![CDATA[
[[ATTACHMENT|test-results/tax-calculator-Tax-Calcula-769be-splay-file-upload-interface-chromium/test-failed-1.png]]

[[ATTACHMENT|test-results/tax-calculator-Tax-Calcula-769be-splay-file-upload-interface-chromium/video.webm]]

[[ATTACHMENT|test-results/tax-calculator-Tax-Calcula-769be-splay-file-upload-interface-chromium/error-context.md]]
]]>
</system-out>
</testcase>
<testcase name="Tax Calculator Tests › File Upload Functionality › should accept CSV file upload" classname="tax-calculator.spec.ts" time="31.475">
<failure message="tax-calculator.spec.ts:29:9 should accept CSV file upload" type="FAILURE">
<![CDATA[  [chromium] › tax-calculator.spec.ts:29:9 › Tax Calculator Tests › File Upload Functionality › should accept CSV file upload 

    Test timeout of 30000ms exceeded.

    Error: locator.setInputFiles: Test timeout of 30000ms exceeded.
    Call log:
      - waiting for locator('input[type="file"]')


       at helpers/page-objects.ts:196

      194 |
      195 |   async uploadFile(filePath: string) {
    > 196 |     await this.fileInput.setInputFiles(filePath);
          |     ^
      197 |     if (await this.uploadButton.isVisible()) {
      198 |       await this.uploadButton.click();
      199 |     }
        at CalculatorPage.uploadFile (/Users/myuser/development/ibkr-tax-calculator/tests/ui/helpers/page-objects.ts:196:5)
        at /Users/myuser/development/ibkr-tax-calculator/tests/ui/tax-calculator.spec.ts:32:7

    attachment #1: screenshot (image/png) ──────────────────────────────────────────────────────────
    ../../test-results/tax-calculator-Tax-Calcula-a7b66-ould-accept-CSV-file-upload-chromium/test-failed-1.png
    ────────────────────────────────────────────────────────────────────────────────────────────────

    attachment #2: video (video/webm) ──────────────────────────────────────────────────────────────
    ../../test-results/tax-calculator-Tax-Calcula-a7b66-ould-accept-CSV-file-upload-chromium/video.webm
    ────────────────────────────────────────────────────────────────────────────────────────────────

    Error Context: ../../test-results/tax-calculator-Tax-Calcula-a7b66-ould-accept-CSV-file-upload-chromium/error-context.md
]]>
</failure>
<system-out>
<![CDATA[
[[ATTACHMENT|test-results/tax-calculator-Tax-Calcula-a7b66-ould-accept-CSV-file-upload-chromium/test-failed-1.png]]

[[ATTACHMENT|test-results/tax-calculator-Tax-Calcula-a7b66-ould-accept-CSV-file-upload-chromium/video.webm]]

[[ATTACHMENT|test-results/tax-calculator-Tax-Calcula-a7b66-ould-accept-CSV-file-upload-chromium/error-context.md]]
]]>
</system-out>
</testcase>
<testcase name="Tax Calculator Tests › File Upload Functionality › should validate file format" classname="tax-calculator.spec.ts" time="31.435">
<failure message="tax-calculator.spec.ts:45:9 should validate file format" type="FAILURE">
<![CDATA[  [chromium] › tax-calculator.spec.ts:45:9 › Tax Calculator Tests › File Upload Functionality › should validate file format 

    Test timeout of 30000ms exceeded.

    Error: locator.setInputFiles: Test timeout of 30000ms exceeded.
    Call log:
      - waiting for locator('input[type="file"]')


      51 |       fs.writeFileSync(textFile, 'This is not a valid trading file');
      52 |       
    > 53 |       await calculatorPage.fileInput.setInputFiles(textFile);
         |       ^
      54 |       
      55 |       // Should show error message
      56 |       const errorMessage = page.locator('.alert-danger, .error-message, [data-testid="file-error"]');
        at /Users/myuser/development/ibkr-tax-calculator/tests/ui/tax-calculator.spec.ts:53:7

    attachment #1: screenshot (image/png) ──────────────────────────────────────────────────────────
    ../../test-results/tax-calculator-Tax-Calcula-2c531-should-validate-file-format-chromium/test-failed-1.png
    ────────────────────────────────────────────────────────────────────────────────────────────────

    attachment #2: video (video/webm) ──────────────────────────────────────────────────────────────
    ../../test-results/tax-calculator-Tax-Calcula-2c531-should-validate-file-format-chromium/video.webm
    ────────────────────────────────────────────────────────────────────────────────────────────────

    Error Context: ../../test-results/tax-calculator-Tax-Calcula-2c531-should-validate-file-format-chromium/error-context.md
]]>
</failure>
<system-out>
<![CDATA[
[[ATTACHMENT|test-results/tax-calculator-Tax-Calcula-2c531-should-validate-file-format-chromium/test-failed-1.png]]

[[ATTACHMENT|test-results/tax-calculator-Tax-Calcula-2c531-should-validate-file-format-chromium/video.webm]]

[[ATTACHMENT|test-results/tax-calculator-Tax-Calcula-2c531-should-validate-file-format-chromium/error-context.md]]
]]>
</system-out>
</testcase>
<testcase name="Tax Calculator Tests › File Upload Functionality › should handle large files appropriately" classname="tax-calculator.spec.ts" time="31.85">
<failure message="tax-calculator.spec.ts:63:9 should handle large files appropriately" type="FAILURE">
<![CDATA[  [chromium] › tax-calculator.spec.ts:63:9 › Tax Calculator Tests › File Upload Functionality › should handle large files appropriately 

    Test timeout of 30000ms exceeded.

    Error: locator.setInputFiles: Test timeout of 30000ms exceeded.
    Call log:
      - waiting for locator('input[type="file"]')


       at helpers/page-objects.ts:196

      194 |
      195 |   async uploadFile(filePath: string) {
    > 196 |     await this.fileInput.setInputFiles(filePath);
          |     ^
      197 |     if (await this.uploadButton.isVisible()) {
      198 |       await this.uploadButton.click();
      199 |     }
        at CalculatorPage.uploadFile (/Users/myuser/development/ibkr-tax-calculator/tests/ui/helpers/page-objects.ts:196:5)
        at /Users/myuser/development/ibkr-tax-calculator/tests/ui/tax-calculator.spec.ts:76:7

    attachment #1: screenshot (image/png) ──────────────────────────────────────────────────────────
    ../../test-results/tax-calculator-Tax-Calcula-303cb-e-large-files-appropriately-chromium/test-failed-1.png
    ────────────────────────────────────────────────────────────────────────────────────────────────

    attachment #2: video (video/webm) ──────────────────────────────────────────────────────────────
    ../../test-results/tax-calculator-Tax-Calcula-303cb-e-large-files-appropriately-chromium/video.webm
    ────────────────────────────────────────────────────────────────────────────────────────────────

    Error Context: ../../test-results/tax-calculator-Tax-Calcula-303cb-e-large-files-appropriately-chromium/error-context.md
]]>
</failure>
<system-out>
<![CDATA[
[[ATTACHMENT|test-results/tax-calculator-Tax-Calcula-303cb-e-large-files-appropriately-chromium/test-failed-1.png]]

[[ATTACHMENT|test-results/tax-calculator-Tax-Calcula-303cb-e-large-files-appropriately-chromium/video.webm]]

[[ATTACHMENT|test-results/tax-calculator-Tax-Calcula-303cb-e-large-files-appropriately-chromium/error-context.md]]
]]>
</system-out>
</testcase>
<testcase name="Tax Calculator Tests › Calculation Process › should perform tax calculation with valid data" classname="tax-calculator.spec.ts" time="31.781">
<failure message="tax-calculator.spec.ts:90:9 should perform tax calculation with valid data" type="FAILURE">
<![CDATA[  [chromium] › tax-calculator.spec.ts:90:9 › Tax Calculator Tests › Calculation Process › should perform tax calculation with valid data 

    Test timeout of 30000ms exceeded.

    Error: locator.setInputFiles: Test timeout of 30000ms exceeded.
    Call log:
      - waiting for locator('input[type="file"]')


       at helpers/page-objects.ts:196

      194 |
      195 |   async uploadFile(filePath: string) {
    > 196 |     await this.fileInput.setInputFiles(filePath);
          |     ^
      197 |     if (await this.uploadButton.isVisible()) {
      198 |       await this.uploadButton.click();
      199 |     }
        at CalculatorPage.uploadFile (/Users/myuser/development/ibkr-tax-calculator/tests/ui/helpers/page-objects.ts:196:5)
        at /Users/myuser/development/ibkr-tax-calculator/tests/ui/tax-calculator.spec.ts:94:7

    attachment #1: screenshot (image/png) ──────────────────────────────────────────────────────────
    ../../test-results/tax-calculator-Tax-Calcula-b8474-calculation-with-valid-data-chromium/test-failed-1.png
    ────────────────────────────────────────────────────────────────────────────────────────────────

    attachment #2: video (video/webm) ──────────────────────────────────────────────────────────────
    ../../test-results/tax-calculator-Tax-Calcula-b8474-calculation-with-valid-data-chromium/video.webm
    ────────────────────────────────────────────────────────────────────────────────────────────────

    Error Context: ../../test-results/tax-calculator-Tax-Calcula-b8474-calculation-with-valid-data-chromium/error-context.md
]]>
</failure>
<system-out>
<![CDATA[
[[ATTACHMENT|test-results/tax-calculator-Tax-Calcula-b8474-calculation-with-valid-data-chromium/test-failed-1.png]]

[[ATTACHMENT|test-results/tax-calculator-Tax-Calcula-b8474-calculation-with-valid-data-chromium/video.webm]]

[[ATTACHMENT|test-results/tax-calculator-Tax-Calcula-b8474-calculation-with-valid-data-chromium/error-context.md]]
]]>
</system-out>
</testcase>
<testcase name="Tax Calculator Tests › Calculation Process › should show loading state during calculation" classname="tax-calculator.spec.ts" time="31.701">
<failure message="tax-calculator.spec.ts:103:9 should show loading state during calculation" type="FAILURE">
<![CDATA[  [chromium] › tax-calculator.spec.ts:103:9 › Tax Calculator Tests › Calculation Process › should show loading state during calculation 

    Test timeout of 30000ms exceeded.

    Error: locator.setInputFiles: Test timeout of 30000ms exceeded.
    Call log:
      - waiting for locator('input[type="file"]')


       at helpers/page-objects.ts:196

      194 |
      195 |   async uploadFile(filePath: string) {
    > 196 |     await this.fileInput.setInputFiles(filePath);
          |     ^
      197 |     if (await this.uploadButton.isVisible()) {
      198 |       await this.uploadButton.click();
      199 |     }
        at CalculatorPage.uploadFile (/Users/myuser/development/ibkr-tax-calculator/tests/ui/helpers/page-objects.ts:196:5)
        at /Users/myuser/development/ibkr-tax-calculator/tests/ui/tax-calculator.spec.ts:106:7

    attachment #1: screenshot (image/png) ──────────────────────────────────────────────────────────
    ../../test-results/tax-calculator-Tax-Calcula-70ec6-ng-state-during-calculation-chromium/test-failed-1.png
    ────────────────────────────────────────────────────────────────────────────────────────────────

    attachment #2: video (video/webm) ──────────────────────────────────────────────────────────────
    ../../test-results/tax-calculator-Tax-Calcula-70ec6-ng-state-during-calculation-chromium/video.webm
    ────────────────────────────────────────────────────────────────────────────────────────────────

    Error Context: ../../test-results/tax-calculator-Tax-Calcula-70ec6-ng-state-during-calculation-chromium/error-context.md
]]>
</failure>
<system-out>
<![CDATA[
[[ATTACHMENT|test-results/tax-calculator-Tax-Calcula-70ec6-ng-state-during-calculation-chromium/test-failed-1.png]]

[[ATTACHMENT|test-results/tax-calculator-Tax-Calcula-70ec6-ng-state-during-calculation-chromium/video.webm]]

[[ATTACHMENT|test-results/tax-calculator-Tax-Calcula-70ec6-ng-state-during-calculation-chromium/error-context.md]]
]]>
</system-out>
</testcase>
<testcase name="Tax Calculator Tests › Calculation Process › should handle calculation errors gracefully" classname="tax-calculator.spec.ts" time="31.742">
<failure message="tax-calculator.spec.ts:124:9 should handle calculation errors gracefully" type="FAILURE">
<![CDATA[  [chromium] › tax-calculator.spec.ts:124:9 › Tax Calculator Tests › Calculation Process › should handle calculation errors gracefully 

    Test timeout of 30000ms exceeded.

    Error: locator.setInputFiles: Test timeout of 30000ms exceeded.
    Call log:
      - waiting for locator('input[type="file"]')


       at helpers/page-objects.ts:196

      194 |
      195 |   async uploadFile(filePath: string) {
    > 196 |     await this.fileInput.setInputFiles(filePath);
          |     ^
      197 |     if (await this.uploadButton.isVisible()) {
      198 |       await this.uploadButton.click();
      199 |     }
        at CalculatorPage.uploadFile (/Users/myuser/development/ibkr-tax-calculator/tests/ui/helpers/page-objects.ts:196:5)
        at /Users/myuser/development/ibkr-tax-calculator/tests/ui/tax-calculator.spec.ts:127:7

    attachment #1: screenshot (image/png) ──────────────────────────────────────────────────────────
    ../../test-results/tax-calculator-Tax-Calcula-20681-lculation-errors-gracefully-chromium/test-failed-1.png
    ────────────────────────────────────────────────────────────────────────────────────────────────

    attachment #2: video (video/webm) ──────────────────────────────────────────────────────────────
    ../../test-results/tax-calculator-Tax-Calcula-20681-lculation-errors-gracefully-chromium/video.webm
    ────────────────────────────────────────────────────────────────────────────────────────────────

    Error Context: ../../test-results/tax-calculator-Tax-Calcula-20681-lculation-errors-gracefully-chromium/error-context.md
]]>
</failure>
<system-out>
<![CDATA[
[[ATTACHMENT|test-results/tax-calculator-Tax-Calcula-20681-lculation-errors-gracefully-chromium/test-failed-1.png]]

[[ATTACHMENT|test-results/tax-calculator-Tax-Calcula-20681-lculation-errors-gracefully-chromium/video.webm]]

[[ATTACHMENT|test-results/tax-calculator-Tax-Calcula-20681-lculation-errors-gracefully-chromium/error-context.md]]
]]>
</system-out>
</testcase>
<testcase name="Tax Calculator Tests › Calculation Process › should validate calculation accuracy" classname="tax-calculator.spec.ts" time="31.847">
<failure message="tax-calculator.spec.ts:139:9 should validate calculation accuracy" type="FAILURE">
<![CDATA[  [chromium] › tax-calculator.spec.ts:139:9 › Tax Calculator Tests › Calculation Process › should validate calculation accuracy 

    Test timeout of 30000ms exceeded.

    Error: locator.setInputFiles: Test timeout of 30000ms exceeded.
    Call log:
      - waiting for locator('input[type="file"]')


       at helpers/page-objects.ts:196

      194 |
      195 |   async uploadFile(filePath: string) {
    > 196 |     await this.fileInput.setInputFiles(filePath);
          |     ^
      197 |     if (await this.uploadButton.isVisible()) {
      198 |       await this.uploadButton.click();
      199 |     }
        at CalculatorPage.uploadFile (/Users/myuser/development/ibkr-tax-calculator/tests/ui/helpers/page-objects.ts:196:5)
        at /Users/myuser/development/ibkr-tax-calculator/tests/ui/tax-calculator.spec.ts:142:7

    attachment #1: screenshot (image/png) ──────────────────────────────────────────────────────────
    ../../test-results/tax-calculator-Tax-Calcula-7d829-lidate-calculation-accuracy-chromium/test-failed-1.png
    ────────────────────────────────────────────────────────────────────────────────────────────────

    attachment #2: video (video/webm) ──────────────────────────────────────────────────────────────
    ../../test-results/tax-calculator-Tax-Calcula-7d829-lidate-calculation-accuracy-chromium/video.webm
    ────────────────────────────────────────────────────────────────────────────────────────────────

    Error Context: ../../test-results/tax-calculator-Tax-Calcula-7d829-lidate-calculation-accuracy-chromium/error-context.md
]]>
</failure>
<system-out>
<![CDATA[
[[ATTACHMENT|test-results/tax-calculator-Tax-Calcula-7d829-lidate-calculation-accuracy-chromium/test-failed-1.png]]

[[ATTACHMENT|test-results/tax-calculator-Tax-Calcula-7d829-lidate-calculation-accuracy-chromium/video.webm]]

[[ATTACHMENT|test-results/tax-calculator-Tax-Calcula-7d829-lidate-calculation-accuracy-chromium/error-context.md]]
]]>
</system-out>
</testcase>
<testcase name="Tax Calculator Tests › Calculation Process › should display calculation breakdown" classname="tax-calculator.spec.ts" time="31.896">
<failure message="tax-calculator.spec.ts:158:9 should display calculation breakdown" type="FAILURE">
<![CDATA[  [chromium] › tax-calculator.spec.ts:158:9 › Tax Calculator Tests › Calculation Process › should display calculation breakdown 

    Test timeout of 30000ms exceeded.

    Error: locator.setInputFiles: Test timeout of 30000ms exceeded.
    Call log:
      - waiting for locator('input[type="file"]')


       at helpers/page-objects.ts:196

      194 |
      195 |   async uploadFile(filePath: string) {
    > 196 |     await this.fileInput.setInputFiles(filePath);
          |     ^
      197 |     if (await this.uploadButton.isVisible()) {
      198 |       await this.uploadButton.click();
      199 |     }
        at CalculatorPage.uploadFile (/Users/myuser/development/ibkr-tax-calculator/tests/ui/helpers/page-objects.ts:196:5)
        at /Users/myuser/development/ibkr-tax-calculator/tests/ui/tax-calculator.spec.ts:161:7

    attachment #1: screenshot (image/png) ──────────────────────────────────────────────────────────
    ../../test-results/tax-calculator-Tax-Calcula-fdb58-splay-calculation-breakdown-chromium/test-failed-1.png
    ────────────────────────────────────────────────────────────────────────────────────────────────

    attachment #2: video (video/webm) ──────────────────────────────────────────────────────────────
    ../../test-results/tax-calculator-Tax-Calcula-fdb58-splay-calculation-breakdown-chromium/video.webm
    ────────────────────────────────────────────────────────────────────────────────────────────────

    Error Context: ../../test-results/tax-calculator-Tax-Calcula-fdb58-splay-calculation-breakdown-chromium/error-context.md
]]>
</failure>
<system-out>
<![CDATA[
[[ATTACHMENT|test-results/tax-calculator-Tax-Calcula-fdb58-splay-calculation-breakdown-chromium/test-failed-1.png]]

[[ATTACHMENT|test-results/tax-calculator-Tax-Calcula-fdb58-splay-calculation-breakdown-chromium/video.webm]]

[[ATTACHMENT|test-results/tax-calculator-Tax-Calcula-fdb58-splay-calculation-breakdown-chromium/error-context.md]]
]]>
</system-out>
</testcase>
<testcase name="Tax Calculator Tests › Results Display › should display results in organized tables" classname="tax-calculator.spec.ts" time="31.327">
<failure message="tax-calculator.spec.ts:191:9 should display results in organized tables" type="FAILURE">
<![CDATA[  [chromium] › tax-calculator.spec.ts:191:9 › Tax Calculator Tests › Results Display › should display results in organized tables 

    Test timeout of 30000ms exceeded while running "beforeEach" hook.

      182 |
      183 |   test.describe('Results Display', () => {
    > 184 |     test.beforeEach(async ({ page }) => {
          |          ^
      185 |       const csvFile = path.join(__dirname, 'test-data', 'sample-trades.csv');
      186 |       await calculatorPage.uploadFile(csvFile);
      187 |       await calculatorPage.calculate();
        at /Users/myuser/development/ibkr-tax-calculator/tests/ui/tax-calculator.spec.ts:184:10

    Error: locator.setInputFiles: Test timeout of 30000ms exceeded.
    Call log:
      - waiting for locator('input[type="file"]')


       at helpers/page-objects.ts:196

      194 |
      195 |   async uploadFile(filePath: string) {
    > 196 |     await this.fileInput.setInputFiles(filePath);
          |     ^
      197 |     if (await this.uploadButton.isVisible()) {
      198 |       await this.uploadButton.click();
      199 |     }
        at CalculatorPage.uploadFile (/Users/myuser/development/ibkr-tax-calculator/tests/ui/helpers/page-objects.ts:196:5)
        at /Users/myuser/development/ibkr-tax-calculator/tests/ui/tax-calculator.spec.ts:186:7

    attachment #1: screenshot (image/png) ──────────────────────────────────────────────────────────
    ../../test-results/tax-calculator-Tax-Calcula-700b7-results-in-organized-tables-chromium/test-failed-1.png
    ────────────────────────────────────────────────────────────────────────────────────────────────

    attachment #2: video (video/webm) ──────────────────────────────────────────────────────────────
    ../../test-results/tax-calculator-Tax-Calcula-700b7-results-in-organized-tables-chromium/video.webm
    ────────────────────────────────────────────────────────────────────────────────────────────────

    Error Context: ../../test-results/tax-calculator-Tax-Calcula-700b7-results-in-organized-tables-chromium/error-context.md
]]>
</failure>
<system-out>
<![CDATA[
[[ATTACHMENT|test-results/tax-calculator-Tax-Calcula-700b7-results-in-organized-tables-chromium/test-failed-1.png]]

[[ATTACHMENT|test-results/tax-calculator-Tax-Calcula-700b7-results-in-organized-tables-chromium/video.webm]]

[[ATTACHMENT|test-results/tax-calculator-Tax-Calcula-700b7-results-in-organized-tables-chromium/error-context.md]]
]]>
</system-out>
</testcase>
<testcase name="Tax Calculator Tests › Results Display › should show summary cards with key metrics" classname="tax-calculator.spec.ts" time="31.433">
<failure message="tax-calculator.spec.ts:206:9 should show summary cards with key metrics" type="FAILURE">
<![CDATA[  [chromium] › tax-calculator.spec.ts:206:9 › Tax Calculator Tests › Results Display › should show summary cards with key metrics 

    Test timeout of 30000ms exceeded while running "beforeEach" hook.

      182 |
      183 |   test.describe('Results Display', () => {
    > 184 |     test.beforeEach(async ({ page }) => {
          |          ^
      185 |       const csvFile = path.join(__dirname, 'test-data', 'sample-trades.csv');
      186 |       await calculatorPage.uploadFile(csvFile);
      187 |       await calculatorPage.calculate();
        at /Users/myuser/development/ibkr-tax-calculator/tests/ui/tax-calculator.spec.ts:184:10

    Error: locator.setInputFiles: Test timeout of 30000ms exceeded.
    Call log:
      - waiting for locator('input[type="file"]')


       at helpers/page-objects.ts:196

      194 |
      195 |   async uploadFile(filePath: string) {
    > 196 |     await this.fileInput.setInputFiles(filePath);
          |     ^
      197 |     if (await this.uploadButton.isVisible()) {
      198 |       await this.uploadButton.click();
      199 |     }
        at CalculatorPage.uploadFile (/Users/myuser/development/ibkr-tax-calculator/tests/ui/helpers/page-objects.ts:196:5)
        at /Users/myuser/development/ibkr-tax-calculator/tests/ui/tax-calculator.spec.ts:186:7

    attachment #1: screenshot (image/png) ──────────────────────────────────────────────────────────
    ../../test-results/tax-calculator-Tax-Calcula-f4c52-mary-cards-with-key-metrics-chromium/test-failed-1.png
    ────────────────────────────────────────────────────────────────────────────────────────────────

    attachment #2: video (video/webm) ──────────────────────────────────────────────────────────────
    ../../test-results/tax-calculator-Tax-Calcula-f4c52-mary-cards-with-key-metrics-chromium/video.webm
    ────────────────────────────────────────────────────────────────────────────────────────────────

    Error Context: ../../test-results/tax-calculator-Tax-Calcula-f4c52-mary-cards-with-key-metrics-chromium/error-context.md
]]>
</failure>
<system-out>
<![CDATA[
[[ATTACHMENT|test-results/tax-calculator-Tax-Calcula-f4c52-mary-cards-with-key-metrics-chromium/test-failed-1.png]]

[[ATTACHMENT|test-results/tax-calculator-Tax-Calcula-f4c52-mary-cards-with-key-metrics-chromium/video.webm]]

[[ATTACHMENT|test-results/tax-calculator-Tax-Calcula-f4c52-mary-cards-with-key-metrics-chromium/error-context.md]]
]]>
</system-out>
</testcase>
<testcase name="Tax Calculator Tests › Results Display › should display capital gains tax calculation" classname="tax-calculator.spec.ts" time="32.049">
<failure message="tax-calculator.spec.ts:218:9 should display capital gains tax calculation" type="FAILURE">
<![CDATA[  [chromium] › tax-calculator.spec.ts:218:9 › Tax Calculator Tests › Results Display › should display capital gains tax calculation 

    Test timeout of 30000ms exceeded while running "beforeEach" hook.

      182 |
      183 |   test.describe('Results Display', () => {
    > 184 |     test.beforeEach(async ({ page }) => {
          |          ^
      185 |       const csvFile = path.join(__dirname, 'test-data', 'sample-trades.csv');
      186 |       await calculatorPage.uploadFile(csvFile);
      187 |       await calculatorPage.calculate();
        at /Users/myuser/development/ibkr-tax-calculator/tests/ui/tax-calculator.spec.ts:184:10

    Error: locator.setInputFiles: Test timeout of 30000ms exceeded.
    Call log:
      - waiting for locator('input[type="file"]')


       at helpers/page-objects.ts:196

      194 |
      195 |   async uploadFile(filePath: string) {
    > 196 |     await this.fileInput.setInputFiles(filePath);
          |     ^
      197 |     if (await this.uploadButton.isVisible()) {
      198 |       await this.uploadButton.click();
      199 |     }
        at CalculatorPage.uploadFile (/Users/myuser/development/ibkr-tax-calculator/tests/ui/helpers/page-objects.ts:196:5)
        at /Users/myuser/development/ibkr-tax-calculator/tests/ui/tax-calculator.spec.ts:186:7

    attachment #1: screenshot (image/png) ──────────────────────────────────────────────────────────
    ../../test-results/tax-calculator-Tax-Calcula-754cc-pital-gains-tax-calculation-chromium/test-failed-1.png
    ────────────────────────────────────────────────────────────────────────────────────────────────

    attachment #2: video (video/webm) ──────────────────────────────────────────────────────────────
    ../../test-results/tax-calculator-Tax-Calcula-754cc-pital-gains-tax-calculation-chromium/video.webm
    ────────────────────────────────────────────────────────────────────────────────────────────────

    Error Context: ../../test-results/tax-calculator-Tax-Calcula-754cc-pital-gains-tax-calculation-chromium/error-context.md
]]>
</failure>
<system-out>
<![CDATA[
[[ATTACHMENT|test-results/tax-calculator-Tax-Calcula-754cc-pital-gains-tax-calculation-chromium/test-failed-1.png]]

[[ATTACHMENT|test-results/tax-calculator-Tax-Calcula-754cc-pital-gains-tax-calculation-chromium/video.webm]]

[[ATTACHMENT|test-results/tax-calculator-Tax-Calcula-754cc-pital-gains-tax-calculation-chromium/error-context.md]]
]]>
</system-out>
</testcase>
<testcase name="Tax Calculator Tests › Results Display › should show dividend information if present" classname="tax-calculator.spec.ts" time="31.847">
<failure message="tax-calculator.spec.ts:235:9 should show dividend information if present" type="FAILURE">
<![CDATA[  [chromium] › tax-calculator.spec.ts:235:9 › Tax Calculator Tests › Results Display › should show dividend information if present 

    Test timeout of 30000ms exceeded while running "beforeEach" hook.

      182 |
      183 |   test.describe('Results Display', () => {
    > 184 |     test.beforeEach(async ({ page }) => {
          |          ^
      185 |       const csvFile = path.join(__dirname, 'test-data', 'sample-trades.csv');
      186 |       await calculatorPage.uploadFile(csvFile);
      187 |       await calculatorPage.calculate();
        at /Users/myuser/development/ibkr-tax-calculator/tests/ui/tax-calculator.spec.ts:184:10

    Error: locator.setInputFiles: Test timeout of 30000ms exceeded.
    Call log:
      - waiting for locator('input[type="file"]')


       at helpers/page-objects.ts:196

      194 |
      195 |   async uploadFile(filePath: string) {
    > 196 |     await this.fileInput.setInputFiles(filePath);
          |     ^
      197 |     if (await this.uploadButton.isVisible()) {
      198 |       await this.uploadButton.click();
      199 |     }
        at CalculatorPage.uploadFile (/Users/myuser/development/ibkr-tax-calculator/tests/ui/helpers/page-objects.ts:196:5)
        at /Users/myuser/development/ibkr-tax-calculator/tests/ui/tax-calculator.spec.ts:186:7

    attachment #1: screenshot (image/png) ──────────────────────────────────────────────────────────
    ../../test-results/tax-calculator-Tax-Calcula-67417-dend-information-if-present-chromium/test-failed-1.png
    ────────────────────────────────────────────────────────────────────────────────────────────────

    attachment #2: video (video/webm) ──────────────────────────────────────────────────────────────
    ../../test-results/tax-calculator-Tax-Calcula-67417-dend-information-if-present-chromium/video.webm
    ────────────────────────────────────────────────────────────────────────────────────────────────

    Error Context: ../../test-results/tax-calculator-Tax-Calcula-67417-dend-information-if-present-chromium/error-context.md
]]>
</failure>
<system-out>
<![CDATA[
[[ATTACHMENT|test-results/tax-calculator-Tax-Calcula-67417-dend-information-if-present-chromium/test-failed-1.png]]

[[ATTACHMENT|test-results/tax-calculator-Tax-Calcula-67417-dend-information-if-present-chromium/video.webm]]

[[ATTACHMENT|test-results/tax-calculator-Tax-Calcula-67417-dend-information-if-present-chromium/error-context.md]]
]]>
</system-out>
</testcase>
<testcase name="Tax Calculator Tests › Results Display › should allow export of results" classname="tax-calculator.spec.ts" time="31.808">
<failure message="tax-calculator.spec.ts:247:9 should allow export of results" type="FAILURE">
<![CDATA[  [chromium] › tax-calculator.spec.ts:247:9 › Tax Calculator Tests › Results Display › should allow export of results 

    Test timeout of 30000ms exceeded while running "beforeEach" hook.

      182 |
      183 |   test.describe('Results Display', () => {
    > 184 |     test.beforeEach(async ({ page }) => {
          |          ^
      185 |       const csvFile = path.join(__dirname, 'test-data', 'sample-trades.csv');
      186 |       await calculatorPage.uploadFile(csvFile);
      187 |       await calculatorPage.calculate();
        at /Users/myuser/development/ibkr-tax-calculator/tests/ui/tax-calculator.spec.ts:184:10

    Error: locator.setInputFiles: Test timeout of 30000ms exceeded.
    Call log:
      - waiting for locator('input[type="file"]')


       at helpers/page-objects.ts:196

      194 |
      195 |   async uploadFile(filePath: string) {
    > 196 |     await this.fileInput.setInputFiles(filePath);
          |     ^
      197 |     if (await this.uploadButton.isVisible()) {
      198 |       await this.uploadButton.click();
      199 |     }
        at CalculatorPage.uploadFile (/Users/myuser/development/ibkr-tax-calculator/tests/ui/helpers/page-objects.ts:196:5)
        at /Users/myuser/development/ibkr-tax-calculator/tests/ui/tax-calculator.spec.ts:186:7

    attachment #1: screenshot (image/png) ──────────────────────────────────────────────────────────
    ../../test-results/tax-calculator-Tax-Calcula-be689-uld-allow-export-of-results-chromium/test-failed-1.png
    ────────────────────────────────────────────────────────────────────────────────────────────────

    attachment #2: video (video/webm) ──────────────────────────────────────────────────────────────
    ../../test-results/tax-calculator-Tax-Calcula-be689-uld-allow-export-of-results-chromium/video.webm
    ────────────────────────────────────────────────────────────────────────────────────────────────

    Error Context: ../../test-results/tax-calculator-Tax-Calcula-be689-uld-allow-export-of-results-chromium/error-context.md
]]>
</failure>
<system-out>
<![CDATA[
[[ATTACHMENT|test-results/tax-calculator-Tax-Calcula-be689-uld-allow-export-of-results-chromium/test-failed-1.png]]

[[ATTACHMENT|test-results/tax-calculator-Tax-Calcula-be689-uld-allow-export-of-results-chromium/video.webm]]

[[ATTACHMENT|test-results/tax-calculator-Tax-Calcula-be689-uld-allow-export-of-results-chromium/error-context.md]]
]]>
</system-out>
</testcase>
<testcase name="Tax Calculator Tests › Results Display › should display results in responsive format" classname="tax-calculator.spec.ts" time="31.629">
<failure message="tax-calculator.spec.ts:259:9 should display results in responsive format" type="FAILURE">
<![CDATA[  [chromium] › tax-calculator.spec.ts:259:9 › Tax Calculator Tests › Results Display › should display results in responsive format 

    Test timeout of 30000ms exceeded while running "beforeEach" hook.

      182 |
      183 |   test.describe('Results Display', () => {
    > 184 |     test.beforeEach(async ({ page }) => {
          |          ^
      185 |       const csvFile = path.join(__dirname, 'test-data', 'sample-trades.csv');
      186 |       await calculatorPage.uploadFile(csvFile);
      187 |       await calculatorPage.calculate();
        at /Users/myuser/development/ibkr-tax-calculator/tests/ui/tax-calculator.spec.ts:184:10

    Error: locator.setInputFiles: Test timeout of 30000ms exceeded.
    Call log:
      - waiting for locator('input[type="file"]')


       at helpers/page-objects.ts:196

      194 |
      195 |   async uploadFile(filePath: string) {
    > 196 |     await this.fileInput.setInputFiles(filePath);
          |     ^
      197 |     if (await this.uploadButton.isVisible()) {
      198 |       await this.uploadButton.click();
      199 |     }
        at CalculatorPage.uploadFile (/Users/myuser/development/ibkr-tax-calculator/tests/ui/helpers/page-objects.ts:196:5)
        at /Users/myuser/development/ibkr-tax-calculator/tests/ui/tax-calculator.spec.ts:186:7

    attachment #1: screenshot (image/png) ──────────────────────────────────────────────────────────
    ../../test-results/tax-calculator-Tax-Calcula-ff229-esults-in-responsive-format-chromium/test-failed-1.png
    ────────────────────────────────────────────────────────────────────────────────────────────────

    attachment #2: video (video/webm) ──────────────────────────────────────────────────────────────
    ../../test-results/tax-calculator-Tax-Calcula-ff229-esults-in-responsive-format-chromium/video.webm
    ────────────────────────────────────────────────────────────────────────────────────────────────

    Error Context: ../../test-results/tax-calculator-Tax-Calcula-ff229-esults-in-responsive-format-chromium/error-context.md
]]>
</failure>
<system-out>
<![CDATA[
[[ATTACHMENT|test-results/tax-calculator-Tax-Calcula-ff229-esults-in-responsive-format-chromium/test-failed-1.png]]

[[ATTACHMENT|test-results/tax-calculator-Tax-Calcula-ff229-esults-in-responsive-format-chromium/video.webm]]

[[ATTACHMENT|test-results/tax-calculator-Tax-Calcula-ff229-esults-in-responsive-format-chromium/error-context.md]]
]]>
</system-out>
</testcase>
<testcase name="Tax Calculator Tests › Data Validation › should validate required columns in CSV" classname="tax-calculator.spec.ts" time="31.618">
<failure message="tax-calculator.spec.ts:284:9 should validate required columns in CSV" type="FAILURE">
<![CDATA[  [chromium] › tax-calculator.spec.ts:284:9 › Tax Calculator Tests › Data Validation › should validate required columns in CSV 

    Test timeout of 30000ms exceeded.

    Error: locator.setInputFiles: Test timeout of 30000ms exceeded.
    Call log:
      - waiting for locator('input[type="file"]')


       at helpers/page-objects.ts:196

      194 |
      195 |   async uploadFile(filePath: string) {
    > 196 |     await this.fileInput.setInputFiles(filePath);
          |     ^
      197 |     if (await this.uploadButton.isVisible()) {
      198 |       await this.uploadButton.click();
      199 |     }
        at CalculatorPage.uploadFile (/Users/myuser/development/ibkr-tax-calculator/tests/ui/helpers/page-objects.ts:196:5)
        at /Users/myuser/development/ibkr-tax-calculator/tests/ui/tax-calculator.spec.ts:291:7

    attachment #1: screenshot (image/png) ──────────────────────────────────────────────────────────
    ../../test-results/tax-calculator-Tax-Calcula-b3944-ate-required-columns-in-CSV-chromium/test-failed-1.png
    ────────────────────────────────────────────────────────────────────────────────────────────────

    attachment #2: video (video/webm) ──────────────────────────────────────────────────────────────
    ../../test-results/tax-calculator-Tax-Calcula-b3944-ate-required-columns-in-CSV-chromium/video.webm
    ────────────────────────────────────────────────────────────────────────────────────────────────

    Error Context: ../../test-results/tax-calculator-Tax-Calcula-b3944-ate-required-columns-in-CSV-chromium/error-context.md
]]>
</failure>
<system-out>
<![CDATA[
[[ATTACHMENT|test-results/tax-calculator-Tax-Calcula-b3944-ate-required-columns-in-CSV-chromium/test-failed-1.png]]

[[ATTACHMENT|test-results/tax-calculator-Tax-Calcula-b3944-ate-required-columns-in-CSV-chromium/video.webm]]

[[ATTACHMENT|test-results/tax-calculator-Tax-Calcula-b3944-ate-required-columns-in-CSV-chromium/error-context.md]]
]]>
</system-out>
</testcase>
<testcase name="Tax Calculator Tests › Data Validation › should validate date formats" classname="tax-calculator.spec.ts" time="31.642">
<failure message="tax-calculator.spec.ts:304:9 should validate date formats" type="FAILURE">
<![CDATA[  [chromium] › tax-calculator.spec.ts:304:9 › Tax Calculator Tests › Data Validation › should validate date formats 

    Test timeout of 30000ms exceeded.

    Error: locator.setInputFiles: Test timeout of 30000ms exceeded.
    Call log:
      - waiting for locator('input[type="file"]')


       at helpers/page-objects.ts:196

      194 |
      195 |   async uploadFile(filePath: string) {
    > 196 |     await this.fileInput.setInputFiles(filePath);
          |     ^
      197 |     if (await this.uploadButton.isVisible()) {
      198 |       await this.uploadButton.click();
      199 |     }
        at CalculatorPage.uploadFile (/Users/myuser/development/ibkr-tax-calculator/tests/ui/helpers/page-objects.ts:196:5)
        at /Users/myuser/development/ibkr-tax-calculator/tests/ui/tax-calculator.spec.ts:315:7

    attachment #1: screenshot (image/png) ──────────────────────────────────────────────────────────
    ../../test-results/tax-calculator-Tax-Calcula-f1dce-hould-validate-date-formats-chromium/test-failed-1.png
    ────────────────────────────────────────────────────────────────────────────────────────────────

    attachment #2: video (video/webm) ──────────────────────────────────────────────────────────────
    ../../test-results/tax-calculator-Tax-Calcula-f1dce-hould-validate-date-formats-chromium/video.webm
    ────────────────────────────────────────────────────────────────────────────────────────────────

    Error Context: ../../test-results/tax-calculator-Tax-Calcula-f1dce-hould-validate-date-formats-chromium/error-context.md
]]>
</failure>
<system-out>
<![CDATA[
[[ATTACHMENT|test-results/tax-calculator-Tax-Calcula-f1dce-hould-validate-date-formats-chromium/test-failed-1.png]]

[[ATTACHMENT|test-results/tax-calculator-Tax-Calcula-f1dce-hould-validate-date-formats-chromium/video.webm]]

[[ATTACHMENT|test-results/tax-calculator-Tax-Calcula-f1dce-hould-validate-date-formats-chromium/error-context.md]]
]]>
</system-out>
</testcase>
<testcase name="Tax Calculator Tests › Data Validation › should validate numeric fields" classname="tax-calculator.spec.ts" time="31.389">
<failure message="tax-calculator.spec.ts:325:9 should validate numeric fields" type="FAILURE">
<![CDATA[  [chromium] › tax-calculator.spec.ts:325:9 › Tax Calculator Tests › Data Validation › should validate numeric fields 

    Test timeout of 30000ms exceeded.

    Error: locator.setInputFiles: Test timeout of 30000ms exceeded.
    Call log:
      - waiting for locator('input[type="file"]')


       at helpers/page-objects.ts:196

      194 |
      195 |   async uploadFile(filePath: string) {
    > 196 |     await this.fileInput.setInputFiles(filePath);
          |     ^
      197 |     if (await this.uploadButton.isVisible()) {
      198 |       await this.uploadButton.click();
      199 |     }
        at CalculatorPage.uploadFile (/Users/myuser/development/ibkr-tax-calculator/tests/ui/helpers/page-objects.ts:196:5)
        at /Users/myuser/development/ibkr-tax-calculator/tests/ui/tax-calculator.spec.ts:336:7

    attachment #1: screenshot (image/png) ──────────────────────────────────────────────────────────
    ../../test-results/tax-calculator-Tax-Calcula-d51d1-uld-validate-numeric-fields-chromium/test-failed-1.png
    ────────────────────────────────────────────────────────────────────────────────────────────────

    attachment #2: video (video/webm) ──────────────────────────────────────────────────────────────
    ../../test-results/tax-calculator-Tax-Calcula-d51d1-uld-validate-numeric-fields-chromium/video.webm
    ────────────────────────────────────────────────────────────────────────────────────────────────

    Error Context: ../../test-results/tax-calculator-Tax-Calcula-d51d1-uld-validate-numeric-fields-chromium/error-context.md
]]>
</failure>
<system-out>
<![CDATA[
[[ATTACHMENT|test-results/tax-calculator-Tax-Calcula-d51d1-uld-validate-numeric-fields-chromium/test-failed-1.png]]

[[ATTACHMENT|test-results/tax-calculator-Tax-Calcula-d51d1-uld-validate-numeric-fields-chromium/video.webm]]

[[ATTACHMENT|test-results/tax-calculator-Tax-Calcula-d51d1-uld-validate-numeric-fields-chromium/error-context.md]]
]]>
</system-out>
</testcase>
<testcase name="Tax Calculator Tests › Data Validation › should handle empty files" classname="tax-calculator.spec.ts" time="31.452">
<failure message="tax-calculator.spec.ts:346:9 should handle empty files" type="FAILURE">
<![CDATA[  [chromium] › tax-calculator.spec.ts:346:9 › Tax Calculator Tests › Data Validation › should handle empty files 

    Test timeout of 30000ms exceeded.

    Error: locator.setInputFiles: Test timeout of 30000ms exceeded.
    Call log:
      - waiting for locator('input[type="file"]')


       at helpers/page-objects.ts:196

      194 |
      195 |   async uploadFile(filePath: string) {
    > 196 |     await this.fileInput.setInputFiles(filePath);
          |     ^
      197 |     if (await this.uploadButton.isVisible()) {
      198 |       await this.uploadButton.click();
      199 |     }
        at CalculatorPage.uploadFile (/Users/myuser/development/ibkr-tax-calculator/tests/ui/helpers/page-objects.ts:196:5)
        at /Users/myuser/development/ibkr-tax-calculator/tests/ui/tax-calculator.spec.ts:353:7

    attachment #1: screenshot (image/png) ──────────────────────────────────────────────────────────
    ../../test-results/tax-calculator-Tax-Calcula-b6775-n-should-handle-empty-files-chromium/test-failed-1.png
    ────────────────────────────────────────────────────────────────────────────────────────────────

    Error Context: ../../test-results/tax-calculator-Tax-Calcula-b6775-n-should-handle-empty-files-chromium/error-context.md
]]>
</failure>
<system-out>
<![CDATA[
[[ATTACHMENT|test-results/tax-calculator-Tax-Calcula-b6775-n-should-handle-empty-files-chromium/test-failed-1.png]]

[[ATTACHMENT|test-results/tax-calculator-Tax-Calcula-b6775-n-should-handle-empty-files-chromium/error-context.md]]
]]>
</system-out>
</testcase>
<testcase name="Tax Calculator Tests › User Experience › should provide clear instructions and help" classname="tax-calculator.spec.ts" time="3.598">
</testcase>
<testcase name="Tax Calculator Tests › User Experience › should maintain state during navigation" classname="tax-calculator.spec.ts" time="32.029">
<skipped>
</skipped>
</testcase>
<testcase name="Tax Calculator Tests › User Experience › should provide progress feedback for long operations" classname="tax-calculator.spec.ts" time="32.007">
<skipped>
</skipped>
</testcase>
<testcase name="Tax Calculator Tests › Edge Cases › should handle same-day buy and sell transactions" classname="tax-calculator.spec.ts" time="29.087">
<skipped>
</skipped>
</testcase>
<testcase name="Tax Calculator Tests › Edge Cases › should handle fractional shares" classname="tax-calculator.spec.ts" time="28.464">
<skipped>
</skipped>
</testcase>
<testcase name="Tax Calculator Tests › Edge Cases › should handle multiple currencies" classname="tax-calculator.spec.ts" time="28.652">
<skipped>
</skipped>
</testcase>
</testsuite>
</testsuites>